<?xml version="1.0" encoding="UTF-8"?>
<testsuite xmlns:xsi="http://www.w3.org/2001/XMLSchema-instance" xsi:noNamespaceSchemaLocation="https://maven.apache.org/surefire/maven-surefire-plugin/xsd/surefire-test-report.xsd" name="com.rapid7.example.pact.server.demo.AnimalServicePactTest" time="5.991" tests="5" errors="1" skipped="0" failures="2">
  <properties>
[...]
</properties>
  <testcase name="AnimalClient - A Get Request for all animal" classname="com.rapid7.example.pact.server.demo.AnimalServicePactTest" time="4.589">
    <failure message="&#10;0 - $.1.id -&gt; [{mismatch=Expected &apos;Orville&apos; but received &apos;Dory&apos;, diff=}]&#10;$.1.species -&gt; [{mismatch=Expected &apos;Duck&apos; but received &apos;Fish&apos;, diff=}]&#10;$.1.color -&gt; [{mismatch=Expected &apos;Green&apos; but received &apos;Blue&apos;, diff=}]&#10;$.2.id -&gt; [{mismatch=Expected &apos;Elmo&apos; but received &apos;Ryan&apos;, diff=}]&#10;$.2.species -&gt; [{mismatch=Expected &apos;Muppet&apos; but received &apos;Velociraptor&apos;, diff=}]&#10;$.2.color -&gt; [{mismatch=Expected &apos;Red&apos; but received &apos;Ginger&apos;, diff=}]&#10;$.3.id -&gt; [{mismatch=Expected &apos;Dory&apos; but received &apos;Elmo&apos;, diff=}]&#10;$.3.species -&gt; [{mismatch=Expected &apos;Fish&apos; but received &apos;Muppet&apos;, diff=}]&#10;$.3.color -&gt; [{mismatch=Expected &apos;Blue&apos; but received &apos;Red&apos;, diff=}]&#10;$.5.id -&gt; [{mismatch=Expected &apos;Ed&apos; but received &apos;Orville&apos;, diff=}]&#10;$.5.species -&gt; [{mismatch=Expected &apos;Horse&apos; but received &apos;Duck&apos;, diff=}]&#10;$.5.color -&gt; [{mismatch=Expected &apos;Black&apos; but received &apos;Green&apos;, diff=}]&#10;$.7.id -&gt; [{mismatch=Expected &apos;Ryan&apos; but received &apos;Ed&apos;, diff=}]&#10;$.7.species -&gt; [{mismatch=Expected &apos;Velociraptor&apos; but received &apos;Horse&apos;, diff=}]&#10;$.7.color -&gt; [{mismatch=Expected &apos;Ginger&apos; but received &apos;Black&apos;, diff=}]" type="java.lang.AssertionError">java.lang.AssertionError: 

0 - $.1.id -> [{mismatch=Expected 'Orville' but received 'Dory', diff=}]
$.1.species -> [{mismatch=Expected 'Duck' but received 'Fish', diff=}]
$.1.color -> [{mismatch=Expected 'Green' but received 'Blue', diff=}]
$.2.id -> [{mismatch=Expected 'Elmo' but received 'Ryan', diff=}]
$.2.species -> [{mismatch=Expected 'Muppet' but received 'Velociraptor', diff=}]
$.2.color -> [{mismatch=Expected 'Red' but received 'Ginger', diff=}]
$.3.id -> [{mismatch=Expected 'Dory' but received 'Elmo', diff=}]
$.3.species -> [{mismatch=Expected 'Fish' but received 'Muppet', diff=}]
$.3.color -> [{mismatch=Expected 'Blue' but received 'Red', diff=}]
$.5.id -> [{mismatch=Expected 'Ed' but received 'Orville', diff=}]
$.5.species -> [{mismatch=Expected 'Horse' but received 'Duck', diff=}]
$.5.color -> [{mismatch=Expected 'Black' but received 'Green', diff=}]
$.7.id -> [{mismatch=Expected 'Ryan' but received 'Ed', diff=}]
$.7.species -> [{mismatch=Expected 'Velociraptor' but received 'Horse', diff=}]
$.7.color -> [{mismatch=Expected 'Ginger' but received 'Black', diff=}]
</failure>
    <system-out><![CDATA[11:43:02.768 [main] DEBUG org.springframework.test.context.BootstrapUtils - Instantiating CacheAwareContextLoaderDelegate from class [org.springframework.test.context.cache.DefaultCacheAwareContextLoaderDelegate]
11:43:02.783 [main] DEBUG org.springframework.test.context.BootstrapUtils - Instantiating BootstrapContext using constructor [public org.springframework.test.context.support.DefaultBootstrapContext(java.lang.Class,org.springframework.test.context.CacheAwareContextLoaderDelegate)]
11:43:02.797 [main] DEBUG org.springframework.test.context.BootstrapUtils - Instantiating TestContextBootstrapper for test class [com.rapid7.example.pact.server.demo.AnimalServicePactTest] from class [org.springframework.boot.test.context.SpringBootTestContextBootstrapper]
11:43:02.810 [main] INFO org.springframework.boot.test.context.SpringBootTestContextBootstrapper - Neither @ContextConfiguration nor @ContextHierarchy found for test class [com.rapid7.example.pact.server.demo.AnimalServicePactTest], using SpringBootContextLoader
11:43:02.814 [main] DEBUG org.springframework.test.context.support.AbstractContextLoader - Did not detect default resource location for test class [com.rapid7.example.pact.server.demo.AnimalServicePactTest]: class path resource [com/rapid7/example/pact/server/demo/AnimalServicePactTest-context.xml] does not exist
11:43:02.815 [main] DEBUG org.springframework.test.context.support.AbstractContextLoader - Did not detect default resource location for test class [com.rapid7.example.pact.server.demo.AnimalServicePactTest]: class path resource [com/rapid7/example/pact/server/demo/AnimalServicePactTestContext.groovy] does not exist
11:43:02.815 [main] INFO org.springframework.test.context.support.AbstractContextLoader - Could not detect default resource locations for test class [com.rapid7.example.pact.server.demo.AnimalServicePactTest]: no resource found for suffixes {-context.xml, Context.groovy}.
11:43:02.816 [main] INFO org.springframework.test.context.support.AnnotationConfigContextLoaderUtils - Could not detect default configuration classes for test class [com.rapid7.example.pact.server.demo.AnimalServicePactTest]: AnimalServicePactTest does not declare any static, non-private, non-final, nested classes annotated with @Configuration.
11:43:02.854 [main] DEBUG org.springframework.test.context.support.ActiveProfilesUtils - Could not find an 'annotation declaring class' for annotation type [org.springframework.test.context.ActiveProfiles] and class [com.rapid7.example.pact.server.demo.AnimalServicePactTest]
11:43:02.860 [main] DEBUG org.springframework.core.env.StandardEnvironment - Adding PropertySource 'systemProperties' with lowest search precedence
11:43:02.860 [main] DEBUG org.springframework.core.env.StandardEnvironment - Adding PropertySource 'systemEnvironment' with lowest search precedence
11:43:02.861 [main] DEBUG org.springframework.core.env.StandardEnvironment - Initialized StandardEnvironment with PropertySources [MapPropertySource@534753234 {name='systemProperties', properties={java.runtime.name=Java(TM) SE Runtime Environment, sun.boot.library.path=/Library/Java/JavaVirtualMachines/jdk1.8.0_152.jdk/Contents/Home/jre/lib, java.vm.version=25.152-b16, gopherProxySet=false, java.vm.vendor=Oracle Corporation, java.vendor.url=http://java.oracle.com/, path.separator=:, java.vm.name=Java HotSpot(TM) 64-Bit Server VM, file.encoding.pkg=sun.io, user.country=GB, sun.java.launcher=SUN_STANDARD, sun.os.patch.level=unknown, java.vm.specification.name=Java Virtual Machine Specification, user.dir=/Users/gmcdowell/sandbox/pact-example/Consumer_Contracts/Server, java.runtime.version=1.8.0_152-b16, basedir=/Users/gmcdowell/sandbox/pact-example/Consumer_Contracts/Server, java.awt.graphicsenv=sun.awt.CGraphicsEnvironment, java.endorsed.dirs=/Library/Java/JavaVirtualMachines/jdk1.8.0_152.jdk/Contents/Home/jre/lib/endorsed, os.arch=x86_64, surefire.real.class.path=/Users/gmcdowell/sandbox/pact-example/Consumer_Contracts/Server/target/surefire/surefirebooter8792616446626607492.jar, java.io.tmpdir=/var/folders/4b/pqmvkx155jl1k361vpbsl9vrjftylf/T/, line.separator=
, java.vm.specification.vendor=Oracle Corporation, os.name=Mac OS X, sun.jnu.encoding=UTF-8, java.library.path=/Users/gmcdowell/Library/Java/Extensions:/Library/Java/Extensions:/Network/Library/Java/Extensions:/System/Library/Java/Extensions:/usr/lib/java:., surefire.test.class.path=/Users/gmcdowell/sandbox/pact-example/Consumer_Contracts/Server/target/test-classes:/Users/gmcdowell/sandbox/pact-example/Consumer_Contracts/Server/target/classes:/Users/gmcdowell/.m2/repository/org/springframework/boot/spring-boot-starter-web/2.0.0.RELEASE/spring-boot-starter-web-2.0.0.RELEASE.jar:/Users/gmcdowell/.m2/repository/org/springframework/boot/spring-boot-starter/2.0.0.RELEASE/spring-boot-starter-2.0.0.RELEASE.jar:/Users/gmcdowell/.m2/repository/org/springframework/boot/spring-boot/2.0.0.RELEASE/spring-boot-2.0.0.RELEASE.jar:/Users/gmcdowell/.m2/repository/org/springframework/boot/spring-boot-autoconfigure/2.0.0.RELEASE/spring-boot-autoconfigure-2.0.0.RELEASE.jar:/Users/gmcdowell/.m2/repository/org/springframework/boot/spring-boot-starter-logging/2.0.0.RELEASE/spring-boot-starter-logging-2.0.0.RELEASE.jar:/Users/gmcdowell/.m2/repository/ch/qos/logback/logback-classic/1.2.3/logback-classic-1.2.3.jar:/Users/gmcdowell/.m2/repository/ch/qos/logback/logback-core/1.2.3/logback-core-1.2.3.jar:/Users/gmcdowell/.m2/repository/org/apache/logging/log4j/log4j-to-slf4j/2.10.0/log4j-to-slf4j-2.10.0.jar:/Users/gmcdowell/.m2/repository/org/apache/logging/log4j/log4j-api/2.10.0/log4j-api-2.10.0.jar:/Users/gmcdowell/.m2/repository/org/slf4j/jul-to-slf4j/1.7.25/jul-to-slf4j-1.7.25.jar:/Users/gmcdowell/.m2/repository/org/yaml/snakeyaml/1.19/snakeyaml-1.19.jar:/Users/gmcdowell/.m2/repository/org/springframework/boot/spring-boot-starter-json/2.0.0.RELEASE/spring-boot-starter-json-2.0.0.RELEASE.jar:/Users/gmcdowell/.m2/repository/com/fasterxml/jackson/core/jackson-databind/2.9.4/jackson-databind-2.9.4.jar:/Users/gmcdowell/.m2/repository/com/fasterxml/jackson/datatype/jackson-datatype-jdk8/2.9.4/jackson-datatype-jdk8-2.9.4.jar:/Users/gmcdowell/.m2/repository/com/fasterxml/jackson/datatype/jackson-datatype-jsr310/2.9.4/jackson-datatype-jsr310-2.9.4.jar:/Users/gmcdowell/.m2/repository/com/fasterxml/jackson/module/jackson-module-parameter-names/2.9.4/jackson-module-parameter-names-2.9.4.jar:/Users/gmcdowell/.m2/repository/org/hibernate/validator/hibernate-validator/6.0.7.Final/hibernate-validator-6.0.7.Final.jar:/Users/gmcdowell/.m2/repository/javax/validation/validation-api/2.0.1.Final/validation-api-2.0.1.Final.jar:/Users/gmcdowell/.m2/repository/org/jboss/logging/jboss-logging/3.3.2.Final/jboss-logging-3.3.2.Final.jar:/Users/gmcdowell/.m2/repository/com/fasterxml/classmate/1.3.4/classmate-1.3.4.jar:/Users/gmcdowell/.m2/repository/org/springframework/spring-web/5.0.4.RELEASE/spring-web-5.0.4.RELEASE.jar:/Users/gmcdowell/.m2/repository/org/springframework/spring-beans/5.0.4.RELEASE/spring-beans-5.0.4.RELEASE.jar:/Users/gmcdowell/.m2/repository/org/springframework/spring-webmvc/5.0.4.RELEASE/spring-webmvc-5.0.4.RELEASE.jar:/Users/gmcdowell/.m2/repository/org/springframework/spring-aop/5.0.4.RELEASE/spring-aop-5.0.4.RELEASE.jar:/Users/gmcdowell/.m2/repository/org/springframework/spring-context/5.0.4.RELEASE/spring-context-5.0.4.RELEASE.jar:/Users/gmcdowell/.m2/repository/org/springframework/spring-expression/5.0.4.RELEASE/spring-expression-5.0.4.RELEASE.jar:/Users/gmcdowell/.m2/repository/org/springframework/boot/spring-boot-starter-tomcat/2.0.0.RELEASE/spring-boot-starter-tomcat-2.0.0.RELEASE.jar:/Users/gmcdowell/.m2/repository/javax/annotation/javax.annotation-api/1.3.2/javax.annotation-api-1.3.2.jar:/Users/gmcdowell/.m2/repository/org/apache/tomcat/embed/tomcat-embed-core/8.5.28/tomcat-embed-core-8.5.28.jar:/Users/gmcdowell/.m2/repository/org/apache/tomcat/embed/tomcat-embed-el/8.5.28/tomcat-embed-el-8.5.28.jar:/Users/gmcdowell/.m2/repository/org/apache/tomcat/embed/tomcat-embed-websocket/8.5.28/tomcat-embed-websocket-8.5.28.jar:/Users/gmcdowell/.m2/repository/org/springframework/boot/spring-boot-starter-test/2.0.0.RELEASE/spring-boot-starter-test-2.0.0.RELEASE.jar:/Users/gmcdowell/.m2/repository/org/springframework/boot/spring-boot-test/2.0.0.RELEASE/spring-boot-test-2.0.0.RELEASE.jar:/Users/gmcdowell/.m2/repository/org/springframework/boot/spring-boot-test-autoconfigure/2.0.0.RELEASE/spring-boot-test-autoconfigure-2.0.0.RELEASE.jar:/Users/gmcdowell/.m2/repository/com/jayway/jsonpath/json-path/2.4.0/json-path-2.4.0.jar:/Users/gmcdowell/.m2/repository/net/minidev/json-smart/2.3/json-smart-2.3.jar:/Users/gmcdowell/.m2/repository/net/minidev/accessors-smart/1.2/accessors-smart-1.2.jar:/Users/gmcdowell/.m2/repository/org/ow2/asm/asm/5.0.4/asm-5.0.4.jar:/Users/gmcdowell/.m2/repository/junit/junit/4.12/junit-4.12.jar:/Users/gmcdowell/.m2/repository/org/assertj/assertj-core/3.9.1/assertj-core-3.9.1.jar:/Users/gmcdowell/.m2/repository/org/mockito/mockito-core/2.15.0/mockito-core-2.15.0.jar:/Users/gmcdowell/.m2/repository/net/bytebuddy/byte-buddy/1.7.10/byte-buddy-1.7.10.jar:/Users/gmcdowell/.m2/repository/net/bytebuddy/byte-buddy-agent/1.7.10/byte-buddy-agent-1.7.10.jar:/Users/gmcdowell/.m2/repository/org/objenesis/objenesis/2.6/objenesis-2.6.jar:/Users/gmcdowell/.m2/repository/org/hamcrest/hamcrest-core/1.3/hamcrest-core-1.3.jar:/Users/gmcdowell/.m2/repository/org/hamcrest/hamcrest-library/1.3/hamcrest-library-1.3.jar:/Users/gmcdowell/.m2/repository/org/skyscreamer/jsonassert/1.5.0/jsonassert-1.5.0.jar:/Users/gmcdowell/.m2/repository/com/vaadin/external/google/android-json/0.0.20131108.vaadin1/android-json-0.0.20131108.vaadin1.jar:/Users/gmcdowell/.m2/repository/org/springframework/spring-core/5.0.4.RELEASE/spring-core-5.0.4.RELEASE.jar:/Users/gmcdowell/.m2/repository/org/springframework/spring-jcl/5.0.4.RELEASE/spring-jcl-5.0.4.RELEASE.jar:/Users/gmcdowell/.m2/repository/org/springframework/spring-test/5.0.4.RELEASE/spring-test-5.0.4.RELEASE.jar:/Users/gmcdowell/.m2/repository/org/xmlunit/xmlunit-core/2.5.1/xmlunit-core-2.5.1.jar:/Users/gmcdowell/.m2/repository/org/projectlombok/lombok/1.16.20/lombok-1.16.20.jar:/Users/gmcdowell/.m2/repository/com/google/guava/guava/23.0/guava-23.0.jar:/Users/gmcdowell/.m2/repository/com/google/code/findbugs/jsr305/1.3.9/jsr305-1.3.9.jar:/Users/gmcdowell/.m2/repository/com/google/errorprone/error_prone_annotations/2.0.18/error_prone_annotations-2.0.18.jar:/Users/gmcdowell/.m2/repository/com/google/j2objc/j2objc-annotations/1.1/j2objc-annotations-1.1.jar:/Users/gmcdowell/.m2/repository/org/codehaus/mojo/animal-sniffer-annotations/1.14/animal-sniffer-annotations-1.14.jar:/Users/gmcdowell/.m2/repository/au/com/dius/pact-jvm-provider-spring_2.12/3.5.11/pact-jvm-provider-spring_2.12-3.5.11.jar:/Users/gmcdowell/.m2/repository/org/jetbrains/kotlin/kotlin-stdlib-jre8/1.2.21/kotlin-stdlib-jre8-1.2.21.jar:/Users/gmcdowell/.m2/repository/org/jetbrains/kotlin/kotlin-stdlib/1.2.21/kotlin-stdlib-1.2.21.jar:/Users/gmcdowell/.m2/repository/org/jetbrains/annotations/13.0/annotations-13.0.jar:/Users/gmcdowell/.m2/repository/org/jetbrains/kotlin/kotlin-stdlib-jre7/1.2.21/kotlin-stdlib-jre7-1.2.21.jar:/Users/gmcdowell/.m2/repository/org/jetbrains/kotlin/kotlin-reflect/1.2.21/kotlin-reflect-1.2.21.jar:/Users/gmcdowell/.m2/repository/org/slf4j/slf4j-api/1.7.25/slf4j-api-1.7.25.jar:/Users/gmcdowell/.m2/repository/org/codehaus/groovy/groovy-all/2.4.12/groovy-all-2.4.12-indy.jar:/Users/gmcdowell/.m2/repository/io/github/microutils/kotlin-logging/1.4.4/kotlin-logging-1.4.4.jar:/Users/gmcdowell/.m2/repository/org/scala-lang/scala-library/2.12.3/scala-library-2.12.3.jar:/Users/gmcdowell/.m2/repository/org/scala-lang/scala-compiler/2.12.3/scala-compiler-2.12.3.jar:/Users/gmcdowell/.m2/repository/org/scala-lang/scala-reflect/2.12.3/scala-reflect-2.12.3.jar:/Users/gmcdowell/.m2/repository/org/scala-lang/modules/scala-xml_2.12/1.0.6/scala-xml_2.12-1.0.6.jar:/Users/gmcdowell/.m2/repository/com/typesafe/scala-logging/scala-logging_2.12/3.7.2/scala-logging_2.12-3.7.2.jar:/Users/gmcdowell/.m2/repository/au/com/dius/pact-jvm-provider-junit_2.12/3.5.11/pact-jvm-provider-junit_2.12-3.5.11.jar:/Users/gmcdowell/.m2/repository/au/com/dius/pact-jvm-provider_2.12/3.5.11/pact-jvm-provider_2.12-3.5.11.jar:/Users/gmcdowell/.m2/repository/au/com/dius/pact-jvm-matchers_2.12/3.5.11/pact-jvm-matchers_2.12-3.5.11.jar:/Users/gmcdowell/.m2/repository/io/gatling/jsonpath_2.12/0.6.9/jsonpath_2.12-0.6.9.jar:/Users/gmcdowell/.m2/repository/org/scala-lang/modules/scala-parser-combinators_2.12/1.0.5/scala-parser-combinators_2.12-1.0.5.jar:/Users/gmcdowell/.m2/repository/com/googlecode/java-diff-utils/diffutils/1.3.0/diffutils-1.3.0.jar:/Users/gmcdowell/.m2/repository/commons-io/commons-io/2.5/commons-io-2.5.jar:/Users/gmcdowell/.m2/repository/org/fusesource/jansi/jansi/1.16/jansi-1.16.jar:/Users/gmcdowell/.m2/repository/org/reflections/reflections/0.9.10/reflections-0.9.10.jar:/Users/gmcdowell/.m2/repository/org/javassist/javassist/3.19.0-GA/javassist-3.19.0-GA.jar:/Users/gmcdowell/.m2/repository/com/google/code/findbugs/annotations/2.0.1/annotations-2.0.1.jar:/Users/gmcdowell/.m2/repository/org/scala-lang/modules/scala-java8-compat_2.12/0.8.0/scala-java8-compat_2.12-0.8.0.jar:/Users/gmcdowell/.m2/repository/org/apache/httpcomponents/fluent-hc/4.5.5/fluent-hc-4.5.5.jar:/Users/gmcdowell/.m2/repository/commons-logging/commons-logging/1.2/commons-logging-1.2.jar:/Users/gmcdowell/.m2/repository/org/jooq/jool/0.9.11/jool-0.9.11.jar:/Users/gmcdowell/.m2/repository/com/github/rholder/guava-retrying/2.0.0/guava-retrying-2.0.0.jar:/Users/gmcdowell/.m2/repository/javax/servlet/javax.servlet-api/3.1.0/javax.servlet-api-3.1.0.jar:/Users/gmcdowell/.m2/repository/com/fasterxml/jackson/datatype/jackson-datatype-joda/2.9.4/jackson-datatype-joda-2.9.4.jar:/Users/gmcdowell/.m2/repository/com/fasterxml/jackson/core/jackson-annotations/2.9.0/jackson-annotations-2.9.0.jar:/Users/gmcdowell/.m2/repository/com/fasterxml/jackson/core/jackson-core/2.9.4/jackson-core-2.9.4.jar:/Users/gmcdowell/.m2/repository/joda-time/joda-time/2.9.9/joda-time-2.9.9.jar:/Users/gmcdowell/.m2/repository/au/com/dius/pact-jvm-model/3.5.11/pact-jvm-model-3.5.11.jar:/Users/gmcdowell/.m2/repository/au/com/dius/pact-jvm-pact-broker/3.5.11/pact-jvm-pact-broker-3.5.11.jar:/Users/gmcdowell/.m2/repository/com/github/salomonbrys/kotson/kotson/2.5.0/kotson-2.5.0.jar:/Users/gmcdowell/.m2/repository/org/json/json/20160212/json-20160212.jar:/Users/gmcdowell/.m2/repository/io/netty/netty-handler/4.1.22.Final/netty-handler-4.1.22.Final.jar:/Users/gmcdowell/.m2/repository/io/netty/netty-buffer/4.1.22.Final/netty-buffer-4.1.22.Final.jar:/Users/gmcdowell/.m2/repository/io/netty/netty-common/4.1.22.Final/netty-common-4.1.22.Final.jar:/Users/gmcdowell/.m2/repository/io/netty/netty-transport/4.1.22.Final/netty-transport-4.1.22.Final.jar:/Users/gmcdowell/.m2/repository/io/netty/netty-resolver/4.1.22.Final/netty-resolver-4.1.22.Final.jar:/Users/gmcdowell/.m2/repository/io/netty/netty-codec/4.1.22.Final/netty-codec-4.1.22.Final.jar:/Users/gmcdowell/.m2/repository/org/apache/httpcomponents/httpclient/4.5.5/httpclient-4.5.5.jar:/Users/gmcdowell/.m2/repository/org/apache/httpcomponents/httpcore/4.4.9/httpcore-4.4.9.jar:/Users/gmcdowell/.m2/repository/commons-codec/commons-codec/1.11/commons-codec-1.11.jar:/Users/gmcdowell/.m2/repository/org/apache/httpcomponents/httpmime/4.5.5/httpmime-4.5.5.jar:/Users/gmcdowell/.m2/repository/com/github/zafarkhaja/java-semver/0.9.0/java-semver-0.9.0.jar:/Users/gmcdowell/.m2/repository/com/amazonaws/aws-java-sdk-s3/1.11.30/aws-java-sdk-s3-1.11.30.jar:/Users/gmcdowell/.m2/repository/com/amazonaws/aws-java-sdk-kms/1.11.30/aws-java-sdk-kms-1.11.30.jar:/Users/gmcdowell/.m2/repository/com/amazonaws/aws-java-sdk-core/1.11.30/aws-java-sdk-core-1.11.30.jar:/Users/gmcdowell/.m2/repository/com/fasterxml/jackson/dataformat/jackson-dataformat-cbor/2.9.4/jackson-dataformat-cbor-2.9.4.jar:/Users/gmcdowell/.m2/repository/com/amazonaws/jmespath-java/1.0/jmespath-java-1.0.jar:/Users/gmcdowell/.m2/repository/com/google/code/gson/gson/2.8.2/gson-2.8.2.jar:/Users/gmcdowell/.m2/repository/org/apache/commons/commons-collections4/4.1/commons-collections4-4.1.jar:/Users/gmcdowell/.m2/repository/org/apache/commons/commons-lang3/3.7/commons-lang3-3.7.jar:/Users/gmcdowell/.m2/repository/com/github/mifmif/generex/1.0.1/generex-1.0.1.jar:/Users/gmcdowell/.m2/repository/dk/brics/automaton/automaton/1.11-8/automaton-1.11-8.jar:/Users/gmcdowell/.m2/repository/javax/mail/mail/1.5.0-b01/mail-1.5.0-b01.jar:/Users/gmcdowell/.m2/repository/javax/activation/activation/1.1/activation-1.1.jar:, java.specification.name=Java Platform API Specification, java.class.version=52.0, sun.management.compiler=HotSpot 64-Bit Tiered Compilers, os.version=10.13.3, http.nonProxyHosts=local|*.local|169.254/16|*.169.254/16, user.home=/Users/gmcdowell, user.timezone=Europe/London, java.awt.printerjob=sun.lwawt.macosx.CPrinterJob, file.encoding=UTF-8, java.specification.version=1.8, java.class.path=/Users/gmcdowell/sandbox/pact-example/Consumer_Contracts/Server/target/test-classes:/Users/gmcdowell/sandbox/pact-example/Consumer_Contracts/Server/target/classes:/Users/gmcdowell/.m2/repository/org/springframework/boot/spring-boot-starter-web/2.0.0.RELEASE/spring-boot-starter-web-2.0.0.RELEASE.jar:/Users/gmcdowell/.m2/repository/org/springframework/boot/spring-boot-starter/2.0.0.RELEASE/spring-boot-starter-2.0.0.RELEASE.jar:/Users/gmcdowell/.m2/repository/org/springframework/boot/spring-boot/2.0.0.RELEASE/spring-boot-2.0.0.RELEASE.jar:/Users/gmcdowell/.m2/repository/org/springframework/boot/spring-boot-autoconfigure/2.0.0.RELEASE/spring-boot-autoconfigure-2.0.0.RELEASE.jar:/Users/gmcdowell/.m2/repository/org/springframework/boot/spring-boot-starter-logging/2.0.0.RELEASE/spring-boot-starter-logging-2.0.0.RELEASE.jar:/Users/gmcdowell/.m2/repository/ch/qos/logback/logback-classic/1.2.3/logback-classic-1.2.3.jar:/Users/gmcdowell/.m2/repository/ch/qos/logback/logback-core/1.2.3/logback-core-1.2.3.jar:/Users/gmcdowell/.m2/repository/org/apache/logging/log4j/log4j-to-slf4j/2.10.0/log4j-to-slf4j-2.10.0.jar:/Users/gmcdowell/.m2/repository/org/apache/logging/log4j/log4j-api/2.10.0/log4j-api-2.10.0.jar:/Users/gmcdowell/.m2/repository/org/slf4j/jul-to-slf4j/1.7.25/jul-to-slf4j-1.7.25.jar:/Users/gmcdowell/.m2/repository/org/yaml/snakeyaml/1.19/snakeyaml-1.19.jar:/Users/gmcdowell/.m2/repository/org/springframework/boot/spring-boot-starter-json/2.0.0.RELEASE/spring-boot-starter-json-2.0.0.RELEASE.jar:/Users/gmcdowell/.m2/repository/com/fasterxml/jackson/core/jackson-databind/2.9.4/jackson-databind-2.9.4.jar:/Users/gmcdowell/.m2/repository/com/fasterxml/jackson/datatype/jackson-datatype-jdk8/2.9.4/jackson-datatype-jdk8-2.9.4.jar:/Users/gmcdowell/.m2/repository/com/fasterxml/jackson/datatype/jackson-datatype-jsr310/2.9.4/jackson-datatype-jsr310-2.9.4.jar:/Users/gmcdowell/.m2/repository/com/fasterxml/jackson/module/jackson-module-parameter-names/2.9.4/jackson-module-parameter-names-2.9.4.jar:/Users/gmcdowell/.m2/repository/org/hibernate/validator/hibernate-validator/6.0.7.Final/hibernate-validator-6.0.7.Final.jar:/Users/gmcdowell/.m2/repository/javax/validation/validation-api/2.0.1.Final/validation-api-2.0.1.Final.jar:/Users/gmcdowell/.m2/repository/org/jboss/logging/jboss-logging/3.3.2.Final/jboss-logging-3.3.2.Final.jar:/Users/gmcdowell/.m2/repository/com/fasterxml/classmate/1.3.4/classmate-1.3.4.jar:/Users/gmcdowell/.m2/repository/org/springframework/spring-web/5.0.4.RELEASE/spring-web-5.0.4.RELEASE.jar:/Users/gmcdowell/.m2/repository/org/springframework/spring-beans/5.0.4.RELEASE/spring-beans-5.0.4.RELEASE.jar:/Users/gmcdowell/.m2/repository/org/springframework/spring-webmvc/5.0.4.RELEASE/spring-webmvc-5.0.4.RELEASE.jar:/Users/gmcdowell/.m2/repository/org/springframework/spring-aop/5.0.4.RELEASE/spring-aop-5.0.4.RELEASE.jar:/Users/gmcdowell/.m2/repository/org/springframework/spring-context/5.0.4.RELEASE/spring-context-5.0.4.RELEASE.jar:/Users/gmcdowell/.m2/repository/org/springframework/spring-expression/5.0.4.RELEASE/spring-expression-5.0.4.RELEASE.jar:/Users/gmcdowell/.m2/repository/org/springframework/boot/spring-boot-starter-tomcat/2.0.0.RELEASE/spring-boot-starter-tomcat-2.0.0.RELEASE.jar:/Users/gmcdowell/.m2/repository/javax/annotation/javax.annotation-api/1.3.2/javax.annotation-api-1.3.2.jar:/Users/gmcdowell/.m2/repository/org/apache/tomcat/embed/tomcat-embed-core/8.5.28/tomcat-embed-core-8.5.28.jar:/Users/gmcdowell/.m2/repository/org/apache/tomcat/embed/tomcat-embed-el/8.5.28/tomcat-embed-el-8.5.28.jar:/Users/gmcdowell/.m2/repository/org/apache/tomcat/embed/tomcat-embed-websocket/8.5.28/tomcat-embed-websocket-8.5.28.jar:/Users/gmcdowell/.m2/repository/org/springframework/boot/spring-boot-starter-test/2.0.0.RELEASE/spring-boot-starter-test-2.0.0.RELEASE.jar:/Users/gmcdowell/.m2/repository/org/springframework/boot/spring-boot-test/2.0.0.RELEASE/spring-boot-test-2.0.0.RELEASE.jar:/Users/gmcdowell/.m2/repository/org/springframework/boot/spring-boot-test-autoconfigure/2.0.0.RELEASE/spring-boot-test-autoconfigure-2.0.0.RELEASE.jar:/Users/gmcdowell/.m2/repository/com/jayway/jsonpath/json-path/2.4.0/json-path-2.4.0.jar:/Users/gmcdowell/.m2/repository/net/minidev/json-smart/2.3/json-smart-2.3.jar:/Users/gmcdowell/.m2/repository/net/minidev/accessors-smart/1.2/accessors-smart-1.2.jar:/Users/gmcdowell/.m2/repository/org/ow2/asm/asm/5.0.4/asm-5.0.4.jar:/Users/gmcdowell/.m2/repository/junit/junit/4.12/junit-4.12.jar:/Users/gmcdowell/.m2/repository/org/assertj/assertj-core/3.9.1/assertj-core-3.9.1.jar:/Users/gmcdowell/.m2/repository/org/mockito/mockito-core/2.15.0/mockito-core-2.15.0.jar:/Users/gmcdowell/.m2/repository/net/bytebuddy/byte-buddy/1.7.10/byte-buddy-1.7.10.jar:/Users/gmcdowell/.m2/repository/net/bytebuddy/byte-buddy-agent/1.7.10/byte-buddy-agent-1.7.10.jar:/Users/gmcdowell/.m2/repository/org/objenesis/objenesis/2.6/objenesis-2.6.jar:/Users/gmcdowell/.m2/repository/org/hamcrest/hamcrest-core/1.3/hamcrest-core-1.3.jar:/Users/gmcdowell/.m2/repository/org/hamcrest/hamcrest-library/1.3/hamcrest-library-1.3.jar:/Users/gmcdowell/.m2/repository/org/skyscreamer/jsonassert/1.5.0/jsonassert-1.5.0.jar:/Users/gmcdowell/.m2/repository/com/vaadin/external/google/android-json/0.0.20131108.vaadin1/android-json-0.0.20131108.vaadin1.jar:/Users/gmcdowell/.m2/repository/org/springframework/spring-core/5.0.4.RELEASE/spring-core-5.0.4.RELEASE.jar:/Users/gmcdowell/.m2/repository/org/springframework/spring-jcl/5.0.4.RELEASE/spring-jcl-5.0.4.RELEASE.jar:/Users/gmcdowell/.m2/repository/org/springframework/spring-test/5.0.4.RELEASE/spring-test-5.0.4.RELEASE.jar:/Users/gmcdowell/.m2/repository/org/xmlunit/xmlunit-core/2.5.1/xmlunit-core-2.5.1.jar:/Users/gmcdowell/.m2/repository/org/projectlombok/lombok/1.16.20/lombok-1.16.20.jar:/Users/gmcdowell/.m2/repository/com/google/guava/guava/23.0/guava-23.0.jar:/Users/gmcdowell/.m2/repository/com/google/code/findbugs/jsr305/1.3.9/jsr305-1.3.9.jar:/Users/gmcdowell/.m2/repository/com/google/errorprone/error_prone_annotations/2.0.18/error_prone_annotations-2.0.18.jar:/Users/gmcdowell/.m2/repository/com/google/j2objc/j2objc-annotations/1.1/j2objc-annotations-1.1.jar:/Users/gmcdowell/.m2/repository/org/codehaus/mojo/animal-sniffer-annotations/1.14/animal-sniffer-annotations-1.14.jar:/Users/gmcdowell/.m2/repository/au/com/dius/pact-jvm-provider-spring_2.12/3.5.11/pact-jvm-provider-spring_2.12-3.5.11.jar:/Users/gmcdowell/.m2/repository/org/jetbrains/kotlin/kotlin-stdlib-jre8/1.2.21/kotlin-stdlib-jre8-1.2.21.jar:/Users/gmcdowell/.m2/repository/org/jetbrains/kotlin/kotlin-stdlib/1.2.21/kotlin-stdlib-1.2.21.jar:/Users/gmcdowell/.m2/repository/org/jetbrains/annotations/13.0/annotations-13.0.jar:/Users/gmcdowell/.m2/repository/org/jetbrains/kotlin/kotlin-stdlib-jre7/1.2.21/kotlin-stdlib-jre7-1.2.21.jar:/Users/gmcdowell/.m2/repository/org/jetbrains/kotlin/kotlin-reflect/1.2.21/kotlin-reflect-1.2.21.jar:/Users/gmcdowell/.m2/repository/org/slf4j/slf4j-api/1.7.25/slf4j-api-1.7.25.jar:/Users/gmcdowell/.m2/repository/org/codehaus/groovy/groovy-all/2.4.12/groovy-all-2.4.12-indy.jar:/Users/gmcdowell/.m2/repository/io/github/microutils/kotlin-logging/1.4.4/kotlin-logging-1.4.4.jar:/Users/gmcdowell/.m2/repository/org/scala-lang/scala-library/2.12.3/scala-library-2.12.3.jar:/Users/gmcdowell/.m2/repository/org/scala-lang/scala-compiler/2.12.3/scala-compiler-2.12.3.jar:/Users/gmcdowell/.m2/repository/org/scala-lang/scala-reflect/2.12.3/scala-reflect-2.12.3.jar:/Users/gmcdowell/.m2/repository/org/scala-lang/modules/scala-xml_2.12/1.0.6/scala-xml_2.12-1.0.6.jar:/Users/gmcdowell/.m2/repository/com/typesafe/scala-logging/scala-logging_2.12/3.7.2/scala-logging_2.12-3.7.2.jar:/Users/gmcdowell/.m2/repository/au/com/dius/pact-jvm-provider-junit_2.12/3.5.11/pact-jvm-provider-junit_2.12-3.5.11.jar:/Users/gmcdowell/.m2/repository/au/com/dius/pact-jvm-provider_2.12/3.5.11/pact-jvm-provider_2.12-3.5.11.jar:/Users/gmcdowell/.m2/repository/au/com/dius/pact-jvm-matchers_2.12/3.5.11/pact-jvm-matchers_2.12-3.5.11.jar:/Users/gmcdowell/.m2/repository/io/gatling/jsonpath_2.12/0.6.9/jsonpath_2.12-0.6.9.jar:/Users/gmcdowell/.m2/repository/org/scala-lang/modules/scala-parser-combinators_2.12/1.0.5/scala-parser-combinators_2.12-1.0.5.jar:/Users/gmcdowell/.m2/repository/com/googlecode/java-diff-utils/diffutils/1.3.0/diffutils-1.3.0.jar:/Users/gmcdowell/.m2/repository/commons-io/commons-io/2.5/commons-io-2.5.jar:/Users/gmcdowell/.m2/repository/org/fusesource/jansi/jansi/1.16/jansi-1.16.jar:/Users/gmcdowell/.m2/repository/org/reflections/reflections/0.9.10/reflections-0.9.10.jar:/Users/gmcdowell/.m2/repository/org/javassist/javassist/3.19.0-GA/javassist-3.19.0-GA.jar:/Users/gmcdowell/.m2/repository/com/google/code/findbugs/annotations/2.0.1/annotations-2.0.1.jar:/Users/gmcdowell/.m2/repository/org/scala-lang/modules/scala-java8-compat_2.12/0.8.0/scala-java8-compat_2.12-0.8.0.jar:/Users/gmcdowell/.m2/repository/org/apache/httpcomponents/fluent-hc/4.5.5/fluent-hc-4.5.5.jar:/Users/gmcdowell/.m2/repository/commons-logging/commons-logging/1.2/commons-logging-1.2.jar:/Users/gmcdowell/.m2/repository/org/jooq/jool/0.9.11/jool-0.9.11.jar:/Users/gmcdowell/.m2/repository/com/github/rholder/guava-retrying/2.0.0/guava-retrying-2.0.0.jar:/Users/gmcdowell/.m2/repository/javax/servlet/javax.servlet-api/3.1.0/javax.servlet-api-3.1.0.jar:/Users/gmcdowell/.m2/repository/com/fasterxml/jackson/datatype/jackson-datatype-joda/2.9.4/jackson-datatype-joda-2.9.4.jar:/Users/gmcdowell/.m2/repository/com/fasterxml/jackson/core/jackson-annotations/2.9.0/jackson-annotations-2.9.0.jar:/Users/gmcdowell/.m2/repository/com/fasterxml/jackson/core/jackson-core/2.9.4/jackson-core-2.9.4.jar:/Users/gmcdowell/.m2/repository/joda-time/joda-time/2.9.9/joda-time-2.9.9.jar:/Users/gmcdowell/.m2/repository/au/com/dius/pact-jvm-model/3.5.11/pact-jvm-model-3.5.11.jar:/Users/gmcdowell/.m2/repository/au/com/dius/pact-jvm-pact-broker/3.5.11/pact-jvm-pact-broker-3.5.11.jar:/Users/gmcdowell/.m2/repository/com/github/salomonbrys/kotson/kotson/2.5.0/kotson-2.5.0.jar:/Users/gmcdowell/.m2/repository/org/json/json/20160212/json-20160212.jar:/Users/gmcdowell/.m2/repository/io/netty/netty-handler/4.1.22.Final/netty-handler-4.1.22.Final.jar:/Users/gmcdowell/.m2/repository/io/netty/netty-buffer/4.1.22.Final/netty-buffer-4.1.22.Final.jar:/Users/gmcdowell/.m2/repository/io/netty/netty-common/4.1.22.Final/netty-common-4.1.22.Final.jar:/Users/gmcdowell/.m2/repository/io/netty/netty-transport/4.1.22.Final/netty-transport-4.1.22.Final.jar:/Users/gmcdowell/.m2/repository/io/netty/netty-resolver/4.1.22.Final/netty-resolver-4.1.22.Final.jar:/Users/gmcdowell/.m2/repository/io/netty/netty-codec/4.1.22.Final/netty-codec-4.1.22.Final.jar:/Users/gmcdowell/.m2/repository/org/apache/httpcomponents/httpclient/4.5.5/httpclient-4.5.5.jar:/Users/gmcdowell/.m2/repository/org/apache/httpcomponents/httpcore/4.4.9/httpcore-4.4.9.jar:/Users/gmcdowell/.m2/repository/commons-codec/commons-codec/1.11/commons-codec-1.11.jar:/Users/gmcdowell/.m2/repository/org/apache/httpcomponents/httpmime/4.5.5/httpmime-4.5.5.jar:/Users/gmcdowell/.m2/repository/com/github/zafarkhaja/java-semver/0.9.0/java-semver-0.9.0.jar:/Users/gmcdowell/.m2/repository/com/amazonaws/aws-java-sdk-s3/1.11.30/aws-java-sdk-s3-1.11.30.jar:/Users/gmcdowell/.m2/repository/com/amazonaws/aws-java-sdk-kms/1.11.30/aws-java-sdk-kms-1.11.30.jar:/Users/gmcdowell/.m2/repository/com/amazonaws/aws-java-sdk-core/1.11.30/aws-java-sdk-core-1.11.30.jar:/Users/gmcdowell/.m2/repository/com/fasterxml/jackson/dataformat/jackson-dataformat-cbor/2.9.4/jackson-dataformat-cbor-2.9.4.jar:/Users/gmcdowell/.m2/repository/com/amazonaws/jmespath-java/1.0/jmespath-java-1.0.jar:/Users/gmcdowell/.m2/repository/com/google/code/gson/gson/2.8.2/gson-2.8.2.jar:/Users/gmcdowell/.m2/repository/org/apache/commons/commons-collections4/4.1/commons-collections4-4.1.jar:/Users/gmcdowell/.m2/repository/org/apache/commons/commons-lang3/3.7/commons-lang3-3.7.jar:/Users/gmcdowell/.m2/repository/com/github/mifmif/generex/1.0.1/generex-1.0.1.jar:/Users/gmcdowell/.m2/repository/dk/brics/automaton/automaton/1.11-8/automaton-1.11-8.jar:/Users/gmcdowell/.m2/repository/javax/mail/mail/1.5.0-b01/mail-1.5.0-b01.jar:/Users/gmcdowell/.m2/repository/javax/activation/activation/1.1/activation-1.1.jar:, user.name=gmcdowell, java.vm.specification.version=1.8, sun.java.command=/Users/gmcdowell/sandbox/pact-example/Consumer_Contracts/Server/target/surefire/surefirebooter8792616446626607492.jar /Users/gmcdowell/sandbox/pact-example/Consumer_Contracts/Server/target/surefire 2018-03-13T11-43-01_438-jvmRun1 surefire2270837145417866370tmp surefire_05232839170693127130tmp, java.home=/Library/Java/JavaVirtualMachines/jdk1.8.0_152.jdk/Contents/Home/jre, sun.arch.data.model=64, user.language=en, java.specification.vendor=Oracle Corporation, awt.toolkit=sun.lwawt.macosx.LWCToolkit, java.vm.info=mixed mode, java.version=1.8.0_152, java.ext.dirs=/Users/gmcdowell/Library/Java/Extensions:/Library/Java/JavaVirtualMachines/jdk1.8.0_152.jdk/Contents/Home/jre/lib/ext:/Library/Java/Extensions:/Network/Library/Java/Extensions:/System/Library/Java/Extensions:/usr/lib/java, sun.boot.class.path=/Library/Java/JavaVirtualMachines/jdk1.8.0_152.jdk/Contents/Home/jre/lib/resources.jar:/Library/Java/JavaVirtualMachines/jdk1.8.0_152.jdk/Contents/Home/jre/lib/rt.jar:/Library/Java/JavaVirtualMachines/jdk1.8.0_152.jdk/Contents/Home/jre/lib/sunrsasign.jar:/Library/Java/JavaVirtualMachines/jdk1.8.0_152.jdk/Contents/Home/jre/lib/jsse.jar:/Library/Java/JavaVirtualMachines/jdk1.8.0_152.jdk/Contents/Home/jre/lib/jce.jar:/Library/Java/JavaVirtualMachines/jdk1.8.0_152.jdk/Contents/Home/jre/lib/charsets.jar:/Library/Java/JavaVirtualMachines/jdk1.8.0_152.jdk/Contents/Home/jre/lib/jfr.jar:/Library/Java/JavaVirtualMachines/jdk1.8.0_152.jdk/Contents/Home/jre/classes, java.vendor=Oracle Corporation, localRepository=/Users/gmcdowell/.m2/repository, file.separator=/, java.vendor.url.bug=http://bugreport.sun.com/bugreport/, sun.io.unicode.encoding=UnicodeBig, sun.cpu.endian=little, socksNonProxyHosts=local|*.local|169.254/16|*.169.254/16, ftp.nonProxyHosts=local|*.local|169.254/16|*.169.254/16, sun.cpu.isalist=}}, SystemEnvironmentPropertySource@172699023 {name='systemEnvironment', properties={PATH=/usr/local/bin:/usr/bin:/bin:/usr/sbin:/sbin:/Applications/VMware Fusion.app/Contents/Public, JAVA_MAIN_CLASS_20777=org.apache.maven.surefire.booter.ForkedBooter, JAVA_MAIN_CLASS_20755=org.codehaus.plexus.classworlds.launcher.Launcher, AWS_PROFILE=awsaml-042293964381, JAVA_HOME=/Library/Java/JavaVirtualMachines/jdk1.8.0_152.jdk/Contents/Home, TERM=xterm-256color, LANG=en_GB.UTF-8, COMMAND_MODE=unix2003, ITERM_SESSION_ID=w0t8p0:EE5713B1-66BE-4F14-8F9D-CD90EF7C9E19, COLORTERM=truecolor, LOGNAME=gmcdowell, XPC_SERVICE_NAME=0, PWD=/Users/gmcdowell/sandbox/pact-example/Consumer_Contracts/Server, TERM_PROGRAM_VERSION=3.1.5, MAVEN_CMD_LINE_ARGS= test, _=/Library/Java/JavaVirtualMachines/jdk1.8.0_152.jdk/Contents/Home/jre/bin/java, SHELL=/bin/bash, TERM_PROGRAM=iTerm.app, MAVEN_PROJECTBASEDIR=/Users/gmcdowell/sandbox/pact-example/Consumer_Contracts/Server, OLDPWD=/Users/gmcdowell/sandbox/pact-example/Consumer_Contracts/Server, SECURITYSESSIONID=186a9, USER=gmcdowell, AWS_DEFAULT_PROFILE=awsaml-042293964381, ITERM_PROFILE=Default, TMPDIR=/var/folders/4b/pqmvkx155jl1k361vpbsl9vrjftylf/T/, SSH_AUTH_SOCK=/private/tmp/com.apple.launchd.1ebLDQoNBh/Listeners, XPC_FLAGS=0x0, TERM_SESSION_ID=w0t8p0:EE5713B1-66BE-4F14-8F9D-CD90EF7C9E19, __CF_USER_TEXT_ENCODING=0x22ED7A6E:0x0:0x2, Apple_PubSub_Socket_Render=/private/tmp/com.apple.launchd.oTj9Rq6L7v/Render, COLORFGBG=7;0, HOME=/Users/gmcdowell, SHLVL=2}}]
11:43:02.871 [main] DEBUG org.springframework.core.io.support.PathMatchingResourcePatternResolver - Resolved classpath location [com/rapid7/example/pact/server/demo/] to resources [URL [file:/Users/gmcdowell/sandbox/pact-example/Consumer_Contracts/Server/target/test-classes/com/rapid7/example/pact/server/demo/], URL [file:/Users/gmcdowell/sandbox/pact-example/Consumer_Contracts/Server/target/classes/com/rapid7/example/pact/server/demo/]]
11:43:02.871 [main] DEBUG org.springframework.core.io.support.PathMatchingResourcePatternResolver - Looking for matching resources in directory tree [/Users/gmcdowell/sandbox/pact-example/Consumer_Contracts/Server/target/test-classes/com/rapid7/example/pact/server/demo]
11:43:02.872 [main] DEBUG org.springframework.core.io.support.PathMatchingResourcePatternResolver - Searching directory [/Users/gmcdowell/sandbox/pact-example/Consumer_Contracts/Server/target/test-classes/com/rapid7/example/pact/server/demo] for files matching pattern [/Users/gmcdowell/sandbox/pact-example/Consumer_Contracts/Server/target/test-classes/com/rapid7/example/pact/server/demo/*.class]
11:43:02.874 [main] DEBUG org.springframework.core.io.support.PathMatchingResourcePatternResolver - Looking for matching resources in directory tree [/Users/gmcdowell/sandbox/pact-example/Consumer_Contracts/Server/target/classes/com/rapid7/example/pact/server/demo]
11:43:02.874 [main] DEBUG org.springframework.core.io.support.PathMatchingResourcePatternResolver - Searching directory [/Users/gmcdowell/sandbox/pact-example/Consumer_Contracts/Server/target/classes/com/rapid7/example/pact/server/demo] for files matching pattern [/Users/gmcdowell/sandbox/pact-example/Consumer_Contracts/Server/target/classes/com/rapid7/example/pact/server/demo/*.class]
11:43:02.875 [main] DEBUG org.springframework.core.io.support.PathMatchingResourcePatternResolver - Resolved location pattern [classpath*:com/rapid7/example/pact/server/demo/*.class] to resources [file [/Users/gmcdowell/sandbox/pact-example/Consumer_Contracts/Server/target/test-classes/com/rapid7/example/pact/server/demo/AnimalServicePactTest.class], file [/Users/gmcdowell/sandbox/pact-example/Consumer_Contracts/Server/target/test-classes/com/rapid7/example/pact/server/demo/AnimalServiceTest.class], file [/Users/gmcdowell/sandbox/pact-example/Consumer_Contracts/Server/target/classes/com/rapid7/example/pact/server/demo/DemoServer1Application.class], file [/Users/gmcdowell/sandbox/pact-example/Consumer_Contracts/Server/target/classes/com/rapid7/example/pact/server/demo/ServletInitializer.class]]
11:43:02.931 [main] DEBUG org.springframework.context.annotation.ClassPathScanningCandidateComponentProvider - Identified candidate component class: file [/Users/gmcdowell/sandbox/pact-example/Consumer_Contracts/Server/target/classes/com/rapid7/example/pact/server/demo/DemoServer1Application.class]
11:43:02.933 [main] INFO org.springframework.boot.test.context.SpringBootTestContextBootstrapper - Found @SpringBootConfiguration com.rapid7.example.pact.server.demo.DemoServer1Application for test class com.rapid7.example.pact.server.demo.AnimalServicePactTest
11:43:03.069 [main] DEBUG org.springframework.boot.test.context.SpringBootTestContextBootstrapper - @TestExecutionListeners is not present for class [com.rapid7.example.pact.server.demo.AnimalServicePactTest]: using defaults.
11:43:03.070 [main] INFO org.springframework.boot.test.context.SpringBootTestContextBootstrapper - Loaded default TestExecutionListener class names from location [META-INF/spring.factories]: [org.springframework.boot.test.mock.mockito.MockitoTestExecutionListener, org.springframework.boot.test.mock.mockito.ResetMocksTestExecutionListener, org.springframework.boot.test.autoconfigure.restdocs.RestDocsTestExecutionListener, org.springframework.boot.test.autoconfigure.web.client.MockRestServiceServerResetTestExecutionListener, org.springframework.boot.test.autoconfigure.web.servlet.MockMvcPrintOnlyOnFailureTestExecutionListener, org.springframework.boot.test.autoconfigure.web.servlet.WebDriverTestExecutionListener, org.springframework.test.context.web.ServletTestExecutionListener, org.springframework.test.context.support.DirtiesContextBeforeModesTestExecutionListener, org.springframework.test.context.support.DependencyInjectionTestExecutionListener, org.springframework.test.context.support.DirtiesContextTestExecutionListener, org.springframework.test.context.transaction.TransactionalTestExecutionListener, org.springframework.test.context.jdbc.SqlScriptsTestExecutionListener]
11:43:03.084 [main] DEBUG org.springframework.boot.test.context.SpringBootTestContextBootstrapper - Skipping candidate TestExecutionListener [org.springframework.test.context.transaction.TransactionalTestExecutionListener] due to a missing dependency. Specify custom listener classes or make the default listener classes and their required dependencies available. Offending class: [org/springframework/transaction/interceptor/TransactionAttributeSource]
11:43:03.085 [main] DEBUG org.springframework.boot.test.context.SpringBootTestContextBootstrapper - Skipping candidate TestExecutionListener [org.springframework.test.context.jdbc.SqlScriptsTestExecutionListener] due to a missing dependency. Specify custom listener classes or make the default listener classes and their required dependencies available. Offending class: [org/springframework/transaction/interceptor/TransactionAttribute]
11:43:03.085 [main] INFO org.springframework.boot.test.context.SpringBootTestContextBootstrapper - Using TestExecutionListeners: [org.springframework.test.context.web.ServletTestExecutionListener@35038141, org.springframework.test.context.support.DirtiesContextBeforeModesTestExecutionListener@ecf9049, org.springframework.boot.test.mock.mockito.MockitoTestExecutionListener@672f11c2, org.springframework.boot.test.autoconfigure.SpringBootDependencyInjectionTestExecutionListener@2970a5bc, org.springframework.test.context.support.DirtiesContextTestExecutionListener@50305a, org.springframework.boot.test.mock.mockito.ResetMocksTestExecutionListener@72efb5c1, org.springframework.boot.test.autoconfigure.restdocs.RestDocsTestExecutionListener@6d511b5f, org.springframework.boot.test.autoconfigure.web.client.MockRestServiceServerResetTestExecutionListener@41200e0c, org.springframework.boot.test.autoconfigure.web.servlet.MockMvcPrintOnlyOnFailureTestExecutionListener@40f33492, org.springframework.boot.test.autoconfigure.web.servlet.WebDriverTestExecutionListener@4fbdc0f0]
11:43:03.118 [main] DEBUG org.springframework.test.context.support.AbstractDirtiesContextTestExecutionListener - Before test class: context [DefaultTestContext@750fe12e testClass = AnimalServicePactTest, testInstance = [null], testMethod = [null], testException = [null], mergedContextConfiguration = [WebMergedContextConfiguration@f8908f6 testClass = AnimalServicePactTest, locations = '{}', classes = '{class com.rapid7.example.pact.server.demo.DemoServer1Application}', contextInitializerClasses = '[]', activeProfiles = '{}', propertySourceLocations = '{}', propertySourceProperties = '{org.springframework.boot.test.context.SpringBootTestContextBootstrapper=true}', contextCustomizers = set[org.springframework.boot.test.context.filter.ExcludeFilterContextCustomizer@62e6b5c8, org.springframework.boot.test.json.DuplicateJsonObjectContextCustomizerFactory$DuplicateJsonObjectContextCustomizer@4b20ca2b, org.springframework.boot.test.mock.mockito.MockitoContextCustomizer@cf15f9c8, org.springframework.boot.test.web.client.TestRestTemplateContextCustomizer@163d04ff, org.springframework.boot.test.autoconfigure.properties.PropertyMappingContextCustomizer@0, org.springframework.boot.test.autoconfigure.web.servlet.WebDriverContextCustomizerFactory$Customizer@1f2f9244], resourceBasePath = 'src/main/webapp', contextLoader = 'org.springframework.boot.test.context.SpringBootContextLoader', parent = [null]], attributes = map['org.springframework.test.context.web.ServletTestExecutionListener.activateListener' -> false]], class annotated with @DirtiesContext [false] with mode [null].
11:43:03.147 [main] DEBUG org.springframework.core.env.StandardEnvironment - Adding PropertySource 'systemProperties' with lowest search precedence
11:43:03.147 [main] DEBUG org.springframework.core.env.StandardEnvironment - Adding PropertySource 'systemEnvironment' with lowest search precedence
11:43:03.147 [main] DEBUG org.springframework.core.env.StandardEnvironment - Initialized StandardEnvironment with PropertySources [MapPropertySource@701681793 {name='systemProperties', properties={java.runtime.name=Java(TM) SE Runtime Environment, sun.boot.library.path=/Library/Java/JavaVirtualMachines/jdk1.8.0_152.jdk/Contents/Home/jre/lib, java.vm.version=25.152-b16, gopherProxySet=false, java.vm.vendor=Oracle Corporation, java.vendor.url=http://java.oracle.com/, path.separator=:, java.vm.name=Java HotSpot(TM) 64-Bit Server VM, file.encoding.pkg=sun.io, user.country=GB, sun.java.launcher=SUN_STANDARD, sun.os.patch.level=unknown, java.vm.specification.name=Java Virtual Machine Specification, user.dir=/Users/gmcdowell/sandbox/pact-example/Consumer_Contracts/Server, java.runtime.version=1.8.0_152-b16, basedir=/Users/gmcdowell/sandbox/pact-example/Consumer_Contracts/Server, java.awt.graphicsenv=sun.awt.CGraphicsEnvironment, java.endorsed.dirs=/Library/Java/JavaVirtualMachines/jdk1.8.0_152.jdk/Contents/Home/jre/lib/endorsed, os.arch=x86_64, surefire.real.class.path=/Users/gmcdowell/sandbox/pact-example/Consumer_Contracts/Server/target/surefire/surefirebooter8792616446626607492.jar, java.io.tmpdir=/var/folders/4b/pqmvkx155jl1k361vpbsl9vrjftylf/T/, line.separator=
, java.vm.specification.vendor=Oracle Corporation, os.name=Mac OS X, sun.jnu.encoding=UTF-8, java.library.path=/Users/gmcdowell/Library/Java/Extensions:/Library/Java/Extensions:/Network/Library/Java/Extensions:/System/Library/Java/Extensions:/usr/lib/java:., surefire.test.class.path=/Users/gmcdowell/sandbox/pact-example/Consumer_Contracts/Server/target/test-classes:/Users/gmcdowell/sandbox/pact-example/Consumer_Contracts/Server/target/classes:/Users/gmcdowell/.m2/repository/org/springframework/boot/spring-boot-starter-web/2.0.0.RELEASE/spring-boot-starter-web-2.0.0.RELEASE.jar:/Users/gmcdowell/.m2/repository/org/springframework/boot/spring-boot-starter/2.0.0.RELEASE/spring-boot-starter-2.0.0.RELEASE.jar:/Users/gmcdowell/.m2/repository/org/springframework/boot/spring-boot/2.0.0.RELEASE/spring-boot-2.0.0.RELEASE.jar:/Users/gmcdowell/.m2/repository/org/springframework/boot/spring-boot-autoconfigure/2.0.0.RELEASE/spring-boot-autoconfigure-2.0.0.RELEASE.jar:/Users/gmcdowell/.m2/repository/org/springframework/boot/spring-boot-starter-logging/2.0.0.RELEASE/spring-boot-starter-logging-2.0.0.RELEASE.jar:/Users/gmcdowell/.m2/repository/ch/qos/logback/logback-classic/1.2.3/logback-classic-1.2.3.jar:/Users/gmcdowell/.m2/repository/ch/qos/logback/logback-core/1.2.3/logback-core-1.2.3.jar:/Users/gmcdowell/.m2/repository/org/apache/logging/log4j/log4j-to-slf4j/2.10.0/log4j-to-slf4j-2.10.0.jar:/Users/gmcdowell/.m2/repository/org/apache/logging/log4j/log4j-api/2.10.0/log4j-api-2.10.0.jar:/Users/gmcdowell/.m2/repository/org/slf4j/jul-to-slf4j/1.7.25/jul-to-slf4j-1.7.25.jar:/Users/gmcdowell/.m2/repository/org/yaml/snakeyaml/1.19/snakeyaml-1.19.jar:/Users/gmcdowell/.m2/repository/org/springframework/boot/spring-boot-starter-json/2.0.0.RELEASE/spring-boot-starter-json-2.0.0.RELEASE.jar:/Users/gmcdowell/.m2/repository/com/fasterxml/jackson/core/jackson-databind/2.9.4/jackson-databind-2.9.4.jar:/Users/gmcdowell/.m2/repository/com/fasterxml/jackson/datatype/jackson-datatype-jdk8/2.9.4/jackson-datatype-jdk8-2.9.4.jar:/Users/gmcdowell/.m2/repository/com/fasterxml/jackson/datatype/jackson-datatype-jsr310/2.9.4/jackson-datatype-jsr310-2.9.4.jar:/Users/gmcdowell/.m2/repository/com/fasterxml/jackson/module/jackson-module-parameter-names/2.9.4/jackson-module-parameter-names-2.9.4.jar:/Users/gmcdowell/.m2/repository/org/hibernate/validator/hibernate-validator/6.0.7.Final/hibernate-validator-6.0.7.Final.jar:/Users/gmcdowell/.m2/repository/javax/validation/validation-api/2.0.1.Final/validation-api-2.0.1.Final.jar:/Users/gmcdowell/.m2/repository/org/jboss/logging/jboss-logging/3.3.2.Final/jboss-logging-3.3.2.Final.jar:/Users/gmcdowell/.m2/repository/com/fasterxml/classmate/1.3.4/classmate-1.3.4.jar:/Users/gmcdowell/.m2/repository/org/springframework/spring-web/5.0.4.RELEASE/spring-web-5.0.4.RELEASE.jar:/Users/gmcdowell/.m2/repository/org/springframework/spring-beans/5.0.4.RELEASE/spring-beans-5.0.4.RELEASE.jar:/Users/gmcdowell/.m2/repository/org/springframework/spring-webmvc/5.0.4.RELEASE/spring-webmvc-5.0.4.RELEASE.jar:/Users/gmcdowell/.m2/repository/org/springframework/spring-aop/5.0.4.RELEASE/spring-aop-5.0.4.RELEASE.jar:/Users/gmcdowell/.m2/repository/org/springframework/spring-context/5.0.4.RELEASE/spring-context-5.0.4.RELEASE.jar:/Users/gmcdowell/.m2/repository/org/springframework/spring-expression/5.0.4.RELEASE/spring-expression-5.0.4.RELEASE.jar:/Users/gmcdowell/.m2/repository/org/springframework/boot/spring-boot-starter-tomcat/2.0.0.RELEASE/spring-boot-starter-tomcat-2.0.0.RELEASE.jar:/Users/gmcdowell/.m2/repository/javax/annotation/javax.annotation-api/1.3.2/javax.annotation-api-1.3.2.jar:/Users/gmcdowell/.m2/repository/org/apache/tomcat/embed/tomcat-embed-core/8.5.28/tomcat-embed-core-8.5.28.jar:/Users/gmcdowell/.m2/repository/org/apache/tomcat/embed/tomcat-embed-el/8.5.28/tomcat-embed-el-8.5.28.jar:/Users/gmcdowell/.m2/repository/org/apache/tomcat/embed/tomcat-embed-websocket/8.5.28/tomcat-embed-websocket-8.5.28.jar:/Users/gmcdowell/.m2/repository/org/springframework/boot/spring-boot-starter-test/2.0.0.RELEASE/spring-boot-starter-test-2.0.0.RELEASE.jar:/Users/gmcdowell/.m2/repository/org/springframework/boot/spring-boot-test/2.0.0.RELEASE/spring-boot-test-2.0.0.RELEASE.jar:/Users/gmcdowell/.m2/repository/org/springframework/boot/spring-boot-test-autoconfigure/2.0.0.RELEASE/spring-boot-test-autoconfigure-2.0.0.RELEASE.jar:/Users/gmcdowell/.m2/repository/com/jayway/jsonpath/json-path/2.4.0/json-path-2.4.0.jar:/Users/gmcdowell/.m2/repository/net/minidev/json-smart/2.3/json-smart-2.3.jar:/Users/gmcdowell/.m2/repository/net/minidev/accessors-smart/1.2/accessors-smart-1.2.jar:/Users/gmcdowell/.m2/repository/org/ow2/asm/asm/5.0.4/asm-5.0.4.jar:/Users/gmcdowell/.m2/repository/junit/junit/4.12/junit-4.12.jar:/Users/gmcdowell/.m2/repository/org/assertj/assertj-core/3.9.1/assertj-core-3.9.1.jar:/Users/gmcdowell/.m2/repository/org/mockito/mockito-core/2.15.0/mockito-core-2.15.0.jar:/Users/gmcdowell/.m2/repository/net/bytebuddy/byte-buddy/1.7.10/byte-buddy-1.7.10.jar:/Users/gmcdowell/.m2/repository/net/bytebuddy/byte-buddy-agent/1.7.10/byte-buddy-agent-1.7.10.jar:/Users/gmcdowell/.m2/repository/org/objenesis/objenesis/2.6/objenesis-2.6.jar:/Users/gmcdowell/.m2/repository/org/hamcrest/hamcrest-core/1.3/hamcrest-core-1.3.jar:/Users/gmcdowell/.m2/repository/org/hamcrest/hamcrest-library/1.3/hamcrest-library-1.3.jar:/Users/gmcdowell/.m2/repository/org/skyscreamer/jsonassert/1.5.0/jsonassert-1.5.0.jar:/Users/gmcdowell/.m2/repository/com/vaadin/external/google/android-json/0.0.20131108.vaadin1/android-json-0.0.20131108.vaadin1.jar:/Users/gmcdowell/.m2/repository/org/springframework/spring-core/5.0.4.RELEASE/spring-core-5.0.4.RELEASE.jar:/Users/gmcdowell/.m2/repository/org/springframework/spring-jcl/5.0.4.RELEASE/spring-jcl-5.0.4.RELEASE.jar:/Users/gmcdowell/.m2/repository/org/springframework/spring-test/5.0.4.RELEASE/spring-test-5.0.4.RELEASE.jar:/Users/gmcdowell/.m2/repository/org/xmlunit/xmlunit-core/2.5.1/xmlunit-core-2.5.1.jar:/Users/gmcdowell/.m2/repository/org/projectlombok/lombok/1.16.20/lombok-1.16.20.jar:/Users/gmcdowell/.m2/repository/com/google/guava/guava/23.0/guava-23.0.jar:/Users/gmcdowell/.m2/repository/com/google/code/findbugs/jsr305/1.3.9/jsr305-1.3.9.jar:/Users/gmcdowell/.m2/repository/com/google/errorprone/error_prone_annotations/2.0.18/error_prone_annotations-2.0.18.jar:/Users/gmcdowell/.m2/repository/com/google/j2objc/j2objc-annotations/1.1/j2objc-annotations-1.1.jar:/Users/gmcdowell/.m2/repository/org/codehaus/mojo/animal-sniffer-annotations/1.14/animal-sniffer-annotations-1.14.jar:/Users/gmcdowell/.m2/repository/au/com/dius/pact-jvm-provider-spring_2.12/3.5.11/pact-jvm-provider-spring_2.12-3.5.11.jar:/Users/gmcdowell/.m2/repository/org/jetbrains/kotlin/kotlin-stdlib-jre8/1.2.21/kotlin-stdlib-jre8-1.2.21.jar:/Users/gmcdowell/.m2/repository/org/jetbrains/kotlin/kotlin-stdlib/1.2.21/kotlin-stdlib-1.2.21.jar:/Users/gmcdowell/.m2/repository/org/jetbrains/annotations/13.0/annotations-13.0.jar:/Users/gmcdowell/.m2/repository/org/jetbrains/kotlin/kotlin-stdlib-jre7/1.2.21/kotlin-stdlib-jre7-1.2.21.jar:/Users/gmcdowell/.m2/repository/org/jetbrains/kotlin/kotlin-reflect/1.2.21/kotlin-reflect-1.2.21.jar:/Users/gmcdowell/.m2/repository/org/slf4j/slf4j-api/1.7.25/slf4j-api-1.7.25.jar:/Users/gmcdowell/.m2/repository/org/codehaus/groovy/groovy-all/2.4.12/groovy-all-2.4.12-indy.jar:/Users/gmcdowell/.m2/repository/io/github/microutils/kotlin-logging/1.4.4/kotlin-logging-1.4.4.jar:/Users/gmcdowell/.m2/repository/org/scala-lang/scala-library/2.12.3/scala-library-2.12.3.jar:/Users/gmcdowell/.m2/repository/org/scala-lang/scala-compiler/2.12.3/scala-compiler-2.12.3.jar:/Users/gmcdowell/.m2/repository/org/scala-lang/scala-reflect/2.12.3/scala-reflect-2.12.3.jar:/Users/gmcdowell/.m2/repository/org/scala-lang/modules/scala-xml_2.12/1.0.6/scala-xml_2.12-1.0.6.jar:/Users/gmcdowell/.m2/repository/com/typesafe/scala-logging/scala-logging_2.12/3.7.2/scala-logging_2.12-3.7.2.jar:/Users/gmcdowell/.m2/repository/au/com/dius/pact-jvm-provider-junit_2.12/3.5.11/pact-jvm-provider-junit_2.12-3.5.11.jar:/Users/gmcdowell/.m2/repository/au/com/dius/pact-jvm-provider_2.12/3.5.11/pact-jvm-provider_2.12-3.5.11.jar:/Users/gmcdowell/.m2/repository/au/com/dius/pact-jvm-matchers_2.12/3.5.11/pact-jvm-matchers_2.12-3.5.11.jar:/Users/gmcdowell/.m2/repository/io/gatling/jsonpath_2.12/0.6.9/jsonpath_2.12-0.6.9.jar:/Users/gmcdowell/.m2/repository/org/scala-lang/modules/scala-parser-combinators_2.12/1.0.5/scala-parser-combinators_2.12-1.0.5.jar:/Users/gmcdowell/.m2/repository/com/googlecode/java-diff-utils/diffutils/1.3.0/diffutils-1.3.0.jar:/Users/gmcdowell/.m2/repository/commons-io/commons-io/2.5/commons-io-2.5.jar:/Users/gmcdowell/.m2/repository/org/fusesource/jansi/jansi/1.16/jansi-1.16.jar:/Users/gmcdowell/.m2/repository/org/reflections/reflections/0.9.10/reflections-0.9.10.jar:/Users/gmcdowell/.m2/repository/org/javassist/javassist/3.19.0-GA/javassist-3.19.0-GA.jar:/Users/gmcdowell/.m2/repository/com/google/code/findbugs/annotations/2.0.1/annotations-2.0.1.jar:/Users/gmcdowell/.m2/repository/org/scala-lang/modules/scala-java8-compat_2.12/0.8.0/scala-java8-compat_2.12-0.8.0.jar:/Users/gmcdowell/.m2/repository/org/apache/httpcomponents/fluent-hc/4.5.5/fluent-hc-4.5.5.jar:/Users/gmcdowell/.m2/repository/commons-logging/commons-logging/1.2/commons-logging-1.2.jar:/Users/gmcdowell/.m2/repository/org/jooq/jool/0.9.11/jool-0.9.11.jar:/Users/gmcdowell/.m2/repository/com/github/rholder/guava-retrying/2.0.0/guava-retrying-2.0.0.jar:/Users/gmcdowell/.m2/repository/javax/servlet/javax.servlet-api/3.1.0/javax.servlet-api-3.1.0.jar:/Users/gmcdowell/.m2/repository/com/fasterxml/jackson/datatype/jackson-datatype-joda/2.9.4/jackson-datatype-joda-2.9.4.jar:/Users/gmcdowell/.m2/repository/com/fasterxml/jackson/core/jackson-annotations/2.9.0/jackson-annotations-2.9.0.jar:/Users/gmcdowell/.m2/repository/com/fasterxml/jackson/core/jackson-core/2.9.4/jackson-core-2.9.4.jar:/Users/gmcdowell/.m2/repository/joda-time/joda-time/2.9.9/joda-time-2.9.9.jar:/Users/gmcdowell/.m2/repository/au/com/dius/pact-jvm-model/3.5.11/pact-jvm-model-3.5.11.jar:/Users/gmcdowell/.m2/repository/au/com/dius/pact-jvm-pact-broker/3.5.11/pact-jvm-pact-broker-3.5.11.jar:/Users/gmcdowell/.m2/repository/com/github/salomonbrys/kotson/kotson/2.5.0/kotson-2.5.0.jar:/Users/gmcdowell/.m2/repository/org/json/json/20160212/json-20160212.jar:/Users/gmcdowell/.m2/repository/io/netty/netty-handler/4.1.22.Final/netty-handler-4.1.22.Final.jar:/Users/gmcdowell/.m2/repository/io/netty/netty-buffer/4.1.22.Final/netty-buffer-4.1.22.Final.jar:/Users/gmcdowell/.m2/repository/io/netty/netty-common/4.1.22.Final/netty-common-4.1.22.Final.jar:/Users/gmcdowell/.m2/repository/io/netty/netty-transport/4.1.22.Final/netty-transport-4.1.22.Final.jar:/Users/gmcdowell/.m2/repository/io/netty/netty-resolver/4.1.22.Final/netty-resolver-4.1.22.Final.jar:/Users/gmcdowell/.m2/repository/io/netty/netty-codec/4.1.22.Final/netty-codec-4.1.22.Final.jar:/Users/gmcdowell/.m2/repository/org/apache/httpcomponents/httpclient/4.5.5/httpclient-4.5.5.jar:/Users/gmcdowell/.m2/repository/org/apache/httpcomponents/httpcore/4.4.9/httpcore-4.4.9.jar:/Users/gmcdowell/.m2/repository/commons-codec/commons-codec/1.11/commons-codec-1.11.jar:/Users/gmcdowell/.m2/repository/org/apache/httpcomponents/httpmime/4.5.5/httpmime-4.5.5.jar:/Users/gmcdowell/.m2/repository/com/github/zafarkhaja/java-semver/0.9.0/java-semver-0.9.0.jar:/Users/gmcdowell/.m2/repository/com/amazonaws/aws-java-sdk-s3/1.11.30/aws-java-sdk-s3-1.11.30.jar:/Users/gmcdowell/.m2/repository/com/amazonaws/aws-java-sdk-kms/1.11.30/aws-java-sdk-kms-1.11.30.jar:/Users/gmcdowell/.m2/repository/com/amazonaws/aws-java-sdk-core/1.11.30/aws-java-sdk-core-1.11.30.jar:/Users/gmcdowell/.m2/repository/com/fasterxml/jackson/dataformat/jackson-dataformat-cbor/2.9.4/jackson-dataformat-cbor-2.9.4.jar:/Users/gmcdowell/.m2/repository/com/amazonaws/jmespath-java/1.0/jmespath-java-1.0.jar:/Users/gmcdowell/.m2/repository/com/google/code/gson/gson/2.8.2/gson-2.8.2.jar:/Users/gmcdowell/.m2/repository/org/apache/commons/commons-collections4/4.1/commons-collections4-4.1.jar:/Users/gmcdowell/.m2/repository/org/apache/commons/commons-lang3/3.7/commons-lang3-3.7.jar:/Users/gmcdowell/.m2/repository/com/github/mifmif/generex/1.0.1/generex-1.0.1.jar:/Users/gmcdowell/.m2/repository/dk/brics/automaton/automaton/1.11-8/automaton-1.11-8.jar:/Users/gmcdowell/.m2/repository/javax/mail/mail/1.5.0-b01/mail-1.5.0-b01.jar:/Users/gmcdowell/.m2/repository/javax/activation/activation/1.1/activation-1.1.jar:, java.specification.name=Java Platform API Specification, java.class.version=52.0, sun.management.compiler=HotSpot 64-Bit Tiered Compilers, os.version=10.13.3, http.nonProxyHosts=local|*.local|169.254/16|*.169.254/16, user.home=/Users/gmcdowell, user.timezone=Europe/London, java.awt.printerjob=sun.lwawt.macosx.CPrinterJob, file.encoding=UTF-8, java.specification.version=1.8, java.class.path=/Users/gmcdowell/sandbox/pact-example/Consumer_Contracts/Server/target/test-classes:/Users/gmcdowell/sandbox/pact-example/Consumer_Contracts/Server/target/classes:/Users/gmcdowell/.m2/repository/org/springframework/boot/spring-boot-starter-web/2.0.0.RELEASE/spring-boot-starter-web-2.0.0.RELEASE.jar:/Users/gmcdowell/.m2/repository/org/springframework/boot/spring-boot-starter/2.0.0.RELEASE/spring-boot-starter-2.0.0.RELEASE.jar:/Users/gmcdowell/.m2/repository/org/springframework/boot/spring-boot/2.0.0.RELEASE/spring-boot-2.0.0.RELEASE.jar:/Users/gmcdowell/.m2/repository/org/springframework/boot/spring-boot-autoconfigure/2.0.0.RELEASE/spring-boot-autoconfigure-2.0.0.RELEASE.jar:/Users/gmcdowell/.m2/repository/org/springframework/boot/spring-boot-starter-logging/2.0.0.RELEASE/spring-boot-starter-logging-2.0.0.RELEASE.jar:/Users/gmcdowell/.m2/repository/ch/qos/logback/logback-classic/1.2.3/logback-classic-1.2.3.jar:/Users/gmcdowell/.m2/repository/ch/qos/logback/logback-core/1.2.3/logback-core-1.2.3.jar:/Users/gmcdowell/.m2/repository/org/apache/logging/log4j/log4j-to-slf4j/2.10.0/log4j-to-slf4j-2.10.0.jar:/Users/gmcdowell/.m2/repository/org/apache/logging/log4j/log4j-api/2.10.0/log4j-api-2.10.0.jar:/Users/gmcdowell/.m2/repository/org/slf4j/jul-to-slf4j/1.7.25/jul-to-slf4j-1.7.25.jar:/Users/gmcdowell/.m2/repository/org/yaml/snakeyaml/1.19/snakeyaml-1.19.jar:/Users/gmcdowell/.m2/repository/org/springframework/boot/spring-boot-starter-json/2.0.0.RELEASE/spring-boot-starter-json-2.0.0.RELEASE.jar:/Users/gmcdowell/.m2/repository/com/fasterxml/jackson/core/jackson-databind/2.9.4/jackson-databind-2.9.4.jar:/Users/gmcdowell/.m2/repository/com/fasterxml/jackson/datatype/jackson-datatype-jdk8/2.9.4/jackson-datatype-jdk8-2.9.4.jar:/Users/gmcdowell/.m2/repository/com/fasterxml/jackson/datatype/jackson-datatype-jsr310/2.9.4/jackson-datatype-jsr310-2.9.4.jar:/Users/gmcdowell/.m2/repository/com/fasterxml/jackson/module/jackson-module-parameter-names/2.9.4/jackson-module-parameter-names-2.9.4.jar:/Users/gmcdowell/.m2/repository/org/hibernate/validator/hibernate-validator/6.0.7.Final/hibernate-validator-6.0.7.Final.jar:/Users/gmcdowell/.m2/repository/javax/validation/validation-api/2.0.1.Final/validation-api-2.0.1.Final.jar:/Users/gmcdowell/.m2/repository/org/jboss/logging/jboss-logging/3.3.2.Final/jboss-logging-3.3.2.Final.jar:/Users/gmcdowell/.m2/repository/com/fasterxml/classmate/1.3.4/classmate-1.3.4.jar:/Users/gmcdowell/.m2/repository/org/springframework/spring-web/5.0.4.RELEASE/spring-web-5.0.4.RELEASE.jar:/Users/gmcdowell/.m2/repository/org/springframework/spring-beans/5.0.4.RELEASE/spring-beans-5.0.4.RELEASE.jar:/Users/gmcdowell/.m2/repository/org/springframework/spring-webmvc/5.0.4.RELEASE/spring-webmvc-5.0.4.RELEASE.jar:/Users/gmcdowell/.m2/repository/org/springframework/spring-aop/5.0.4.RELEASE/spring-aop-5.0.4.RELEASE.jar:/Users/gmcdowell/.m2/repository/org/springframework/spring-context/5.0.4.RELEASE/spring-context-5.0.4.RELEASE.jar:/Users/gmcdowell/.m2/repository/org/springframework/spring-expression/5.0.4.RELEASE/spring-expression-5.0.4.RELEASE.jar:/Users/gmcdowell/.m2/repository/org/springframework/boot/spring-boot-starter-tomcat/2.0.0.RELEASE/spring-boot-starter-tomcat-2.0.0.RELEASE.jar:/Users/gmcdowell/.m2/repository/javax/annotation/javax.annotation-api/1.3.2/javax.annotation-api-1.3.2.jar:/Users/gmcdowell/.m2/repository/org/apache/tomcat/embed/tomcat-embed-core/8.5.28/tomcat-embed-core-8.5.28.jar:/Users/gmcdowell/.m2/repository/org/apache/tomcat/embed/tomcat-embed-el/8.5.28/tomcat-embed-el-8.5.28.jar:/Users/gmcdowell/.m2/repository/org/apache/tomcat/embed/tomcat-embed-websocket/8.5.28/tomcat-embed-websocket-8.5.28.jar:/Users/gmcdowell/.m2/repository/org/springframework/boot/spring-boot-starter-test/2.0.0.RELEASE/spring-boot-starter-test-2.0.0.RELEASE.jar:/Users/gmcdowell/.m2/repository/org/springframework/boot/spring-boot-test/2.0.0.RELEASE/spring-boot-test-2.0.0.RELEASE.jar:/Users/gmcdowell/.m2/repository/org/springframework/boot/spring-boot-test-autoconfigure/2.0.0.RELEASE/spring-boot-test-autoconfigure-2.0.0.RELEASE.jar:/Users/gmcdowell/.m2/repository/com/jayway/jsonpath/json-path/2.4.0/json-path-2.4.0.jar:/Users/gmcdowell/.m2/repository/net/minidev/json-smart/2.3/json-smart-2.3.jar:/Users/gmcdowell/.m2/repository/net/minidev/accessors-smart/1.2/accessors-smart-1.2.jar:/Users/gmcdowell/.m2/repository/org/ow2/asm/asm/5.0.4/asm-5.0.4.jar:/Users/gmcdowell/.m2/repository/junit/junit/4.12/junit-4.12.jar:/Users/gmcdowell/.m2/repository/org/assertj/assertj-core/3.9.1/assertj-core-3.9.1.jar:/Users/gmcdowell/.m2/repository/org/mockito/mockito-core/2.15.0/mockito-core-2.15.0.jar:/Users/gmcdowell/.m2/repository/net/bytebuddy/byte-buddy/1.7.10/byte-buddy-1.7.10.jar:/Users/gmcdowell/.m2/repository/net/bytebuddy/byte-buddy-agent/1.7.10/byte-buddy-agent-1.7.10.jar:/Users/gmcdowell/.m2/repository/org/objenesis/objenesis/2.6/objenesis-2.6.jar:/Users/gmcdowell/.m2/repository/org/hamcrest/hamcrest-core/1.3/hamcrest-core-1.3.jar:/Users/gmcdowell/.m2/repository/org/hamcrest/hamcrest-library/1.3/hamcrest-library-1.3.jar:/Users/gmcdowell/.m2/repository/org/skyscreamer/jsonassert/1.5.0/jsonassert-1.5.0.jar:/Users/gmcdowell/.m2/repository/com/vaadin/external/google/android-json/0.0.20131108.vaadin1/android-json-0.0.20131108.vaadin1.jar:/Users/gmcdowell/.m2/repository/org/springframework/spring-core/5.0.4.RELEASE/spring-core-5.0.4.RELEASE.jar:/Users/gmcdowell/.m2/repository/org/springframework/spring-jcl/5.0.4.RELEASE/spring-jcl-5.0.4.RELEASE.jar:/Users/gmcdowell/.m2/repository/org/springframework/spring-test/5.0.4.RELEASE/spring-test-5.0.4.RELEASE.jar:/Users/gmcdowell/.m2/repository/org/xmlunit/xmlunit-core/2.5.1/xmlunit-core-2.5.1.jar:/Users/gmcdowell/.m2/repository/org/projectlombok/lombok/1.16.20/lombok-1.16.20.jar:/Users/gmcdowell/.m2/repository/com/google/guava/guava/23.0/guava-23.0.jar:/Users/gmcdowell/.m2/repository/com/google/code/findbugs/jsr305/1.3.9/jsr305-1.3.9.jar:/Users/gmcdowell/.m2/repository/com/google/errorprone/error_prone_annotations/2.0.18/error_prone_annotations-2.0.18.jar:/Users/gmcdowell/.m2/repository/com/google/j2objc/j2objc-annotations/1.1/j2objc-annotations-1.1.jar:/Users/gmcdowell/.m2/repository/org/codehaus/mojo/animal-sniffer-annotations/1.14/animal-sniffer-annotations-1.14.jar:/Users/gmcdowell/.m2/repository/au/com/dius/pact-jvm-provider-spring_2.12/3.5.11/pact-jvm-provider-spring_2.12-3.5.11.jar:/Users/gmcdowell/.m2/repository/org/jetbrains/kotlin/kotlin-stdlib-jre8/1.2.21/kotlin-stdlib-jre8-1.2.21.jar:/Users/gmcdowell/.m2/repository/org/jetbrains/kotlin/kotlin-stdlib/1.2.21/kotlin-stdlib-1.2.21.jar:/Users/gmcdowell/.m2/repository/org/jetbrains/annotations/13.0/annotations-13.0.jar:/Users/gmcdowell/.m2/repository/org/jetbrains/kotlin/kotlin-stdlib-jre7/1.2.21/kotlin-stdlib-jre7-1.2.21.jar:/Users/gmcdowell/.m2/repository/org/jetbrains/kotlin/kotlin-reflect/1.2.21/kotlin-reflect-1.2.21.jar:/Users/gmcdowell/.m2/repository/org/slf4j/slf4j-api/1.7.25/slf4j-api-1.7.25.jar:/Users/gmcdowell/.m2/repository/org/codehaus/groovy/groovy-all/2.4.12/groovy-all-2.4.12-indy.jar:/Users/gmcdowell/.m2/repository/io/github/microutils/kotlin-logging/1.4.4/kotlin-logging-1.4.4.jar:/Users/gmcdowell/.m2/repository/org/scala-lang/scala-library/2.12.3/scala-library-2.12.3.jar:/Users/gmcdowell/.m2/repository/org/scala-lang/scala-compiler/2.12.3/scala-compiler-2.12.3.jar:/Users/gmcdowell/.m2/repository/org/scala-lang/scala-reflect/2.12.3/scala-reflect-2.12.3.jar:/Users/gmcdowell/.m2/repository/org/scala-lang/modules/scala-xml_2.12/1.0.6/scala-xml_2.12-1.0.6.jar:/Users/gmcdowell/.m2/repository/com/typesafe/scala-logging/scala-logging_2.12/3.7.2/scala-logging_2.12-3.7.2.jar:/Users/gmcdowell/.m2/repository/au/com/dius/pact-jvm-provider-junit_2.12/3.5.11/pact-jvm-provider-junit_2.12-3.5.11.jar:/Users/gmcdowell/.m2/repository/au/com/dius/pact-jvm-provider_2.12/3.5.11/pact-jvm-provider_2.12-3.5.11.jar:/Users/gmcdowell/.m2/repository/au/com/dius/pact-jvm-matchers_2.12/3.5.11/pact-jvm-matchers_2.12-3.5.11.jar:/Users/gmcdowell/.m2/repository/io/gatling/jsonpath_2.12/0.6.9/jsonpath_2.12-0.6.9.jar:/Users/gmcdowell/.m2/repository/org/scala-lang/modules/scala-parser-combinators_2.12/1.0.5/scala-parser-combinators_2.12-1.0.5.jar:/Users/gmcdowell/.m2/repository/com/googlecode/java-diff-utils/diffutils/1.3.0/diffutils-1.3.0.jar:/Users/gmcdowell/.m2/repository/commons-io/commons-io/2.5/commons-io-2.5.jar:/Users/gmcdowell/.m2/repository/org/fusesource/jansi/jansi/1.16/jansi-1.16.jar:/Users/gmcdowell/.m2/repository/org/reflections/reflections/0.9.10/reflections-0.9.10.jar:/Users/gmcdowell/.m2/repository/org/javassist/javassist/3.19.0-GA/javassist-3.19.0-GA.jar:/Users/gmcdowell/.m2/repository/com/google/code/findbugs/annotations/2.0.1/annotations-2.0.1.jar:/Users/gmcdowell/.m2/repository/org/scala-lang/modules/scala-java8-compat_2.12/0.8.0/scala-java8-compat_2.12-0.8.0.jar:/Users/gmcdowell/.m2/repository/org/apache/httpcomponents/fluent-hc/4.5.5/fluent-hc-4.5.5.jar:/Users/gmcdowell/.m2/repository/commons-logging/commons-logging/1.2/commons-logging-1.2.jar:/Users/gmcdowell/.m2/repository/org/jooq/jool/0.9.11/jool-0.9.11.jar:/Users/gmcdowell/.m2/repository/com/github/rholder/guava-retrying/2.0.0/guava-retrying-2.0.0.jar:/Users/gmcdowell/.m2/repository/javax/servlet/javax.servlet-api/3.1.0/javax.servlet-api-3.1.0.jar:/Users/gmcdowell/.m2/repository/com/fasterxml/jackson/datatype/jackson-datatype-joda/2.9.4/jackson-datatype-joda-2.9.4.jar:/Users/gmcdowell/.m2/repository/com/fasterxml/jackson/core/jackson-annotations/2.9.0/jackson-annotations-2.9.0.jar:/Users/gmcdowell/.m2/repository/com/fasterxml/jackson/core/jackson-core/2.9.4/jackson-core-2.9.4.jar:/Users/gmcdowell/.m2/repository/joda-time/joda-time/2.9.9/joda-time-2.9.9.jar:/Users/gmcdowell/.m2/repository/au/com/dius/pact-jvm-model/3.5.11/pact-jvm-model-3.5.11.jar:/Users/gmcdowell/.m2/repository/au/com/dius/pact-jvm-pact-broker/3.5.11/pact-jvm-pact-broker-3.5.11.jar:/Users/gmcdowell/.m2/repository/com/github/salomonbrys/kotson/kotson/2.5.0/kotson-2.5.0.jar:/Users/gmcdowell/.m2/repository/org/json/json/20160212/json-20160212.jar:/Users/gmcdowell/.m2/repository/io/netty/netty-handler/4.1.22.Final/netty-handler-4.1.22.Final.jar:/Users/gmcdowell/.m2/repository/io/netty/netty-buffer/4.1.22.Final/netty-buffer-4.1.22.Final.jar:/Users/gmcdowell/.m2/repository/io/netty/netty-common/4.1.22.Final/netty-common-4.1.22.Final.jar:/Users/gmcdowell/.m2/repository/io/netty/netty-transport/4.1.22.Final/netty-transport-4.1.22.Final.jar:/Users/gmcdowell/.m2/repository/io/netty/netty-resolver/4.1.22.Final/netty-resolver-4.1.22.Final.jar:/Users/gmcdowell/.m2/repository/io/netty/netty-codec/4.1.22.Final/netty-codec-4.1.22.Final.jar:/Users/gmcdowell/.m2/repository/org/apache/httpcomponents/httpclient/4.5.5/httpclient-4.5.5.jar:/Users/gmcdowell/.m2/repository/org/apache/httpcomponents/httpcore/4.4.9/httpcore-4.4.9.jar:/Users/gmcdowell/.m2/repository/commons-codec/commons-codec/1.11/commons-codec-1.11.jar:/Users/gmcdowell/.m2/repository/org/apache/httpcomponents/httpmime/4.5.5/httpmime-4.5.5.jar:/Users/gmcdowell/.m2/repository/com/github/zafarkhaja/java-semver/0.9.0/java-semver-0.9.0.jar:/Users/gmcdowell/.m2/repository/com/amazonaws/aws-java-sdk-s3/1.11.30/aws-java-sdk-s3-1.11.30.jar:/Users/gmcdowell/.m2/repository/com/amazonaws/aws-java-sdk-kms/1.11.30/aws-java-sdk-kms-1.11.30.jar:/Users/gmcdowell/.m2/repository/com/amazonaws/aws-java-sdk-core/1.11.30/aws-java-sdk-core-1.11.30.jar:/Users/gmcdowell/.m2/repository/com/fasterxml/jackson/dataformat/jackson-dataformat-cbor/2.9.4/jackson-dataformat-cbor-2.9.4.jar:/Users/gmcdowell/.m2/repository/com/amazonaws/jmespath-java/1.0/jmespath-java-1.0.jar:/Users/gmcdowell/.m2/repository/com/google/code/gson/gson/2.8.2/gson-2.8.2.jar:/Users/gmcdowell/.m2/repository/org/apache/commons/commons-collections4/4.1/commons-collections4-4.1.jar:/Users/gmcdowell/.m2/repository/org/apache/commons/commons-lang3/3.7/commons-lang3-3.7.jar:/Users/gmcdowell/.m2/repository/com/github/mifmif/generex/1.0.1/generex-1.0.1.jar:/Users/gmcdowell/.m2/repository/dk/brics/automaton/automaton/1.11-8/automaton-1.11-8.jar:/Users/gmcdowell/.m2/repository/javax/mail/mail/1.5.0-b01/mail-1.5.0-b01.jar:/Users/gmcdowell/.m2/repository/javax/activation/activation/1.1/activation-1.1.jar:, user.name=gmcdowell, java.vm.specification.version=1.8, sun.java.command=/Users/gmcdowell/sandbox/pact-example/Consumer_Contracts/Server/target/surefire/surefirebooter8792616446626607492.jar /Users/gmcdowell/sandbox/pact-example/Consumer_Contracts/Server/target/surefire 2018-03-13T11-43-01_438-jvmRun1 surefire2270837145417866370tmp surefire_05232839170693127130tmp, java.home=/Library/Java/JavaVirtualMachines/jdk1.8.0_152.jdk/Contents/Home/jre, sun.arch.data.model=64, user.language=en, java.specification.vendor=Oracle Corporation, awt.toolkit=sun.lwawt.macosx.LWCToolkit, java.vm.info=mixed mode, java.version=1.8.0_152, java.ext.dirs=/Users/gmcdowell/Library/Java/Extensions:/Library/Java/JavaVirtualMachines/jdk1.8.0_152.jdk/Contents/Home/jre/lib/ext:/Library/Java/Extensions:/Network/Library/Java/Extensions:/System/Library/Java/Extensions:/usr/lib/java, sun.boot.class.path=/Library/Java/JavaVirtualMachines/jdk1.8.0_152.jdk/Contents/Home/jre/lib/resources.jar:/Library/Java/JavaVirtualMachines/jdk1.8.0_152.jdk/Contents/Home/jre/lib/rt.jar:/Library/Java/JavaVirtualMachines/jdk1.8.0_152.jdk/Contents/Home/jre/lib/sunrsasign.jar:/Library/Java/JavaVirtualMachines/jdk1.8.0_152.jdk/Contents/Home/jre/lib/jsse.jar:/Library/Java/JavaVirtualMachines/jdk1.8.0_152.jdk/Contents/Home/jre/lib/jce.jar:/Library/Java/JavaVirtualMachines/jdk1.8.0_152.jdk/Contents/Home/jre/lib/charsets.jar:/Library/Java/JavaVirtualMachines/jdk1.8.0_152.jdk/Contents/Home/jre/lib/jfr.jar:/Library/Java/JavaVirtualMachines/jdk1.8.0_152.jdk/Contents/Home/jre/classes, java.vendor=Oracle Corporation, localRepository=/Users/gmcdowell/.m2/repository, file.separator=/, java.vendor.url.bug=http://bugreport.sun.com/bugreport/, sun.io.unicode.encoding=UnicodeBig, sun.cpu.endian=little, socksNonProxyHosts=local|*.local|169.254/16|*.169.254/16, ftp.nonProxyHosts=local|*.local|169.254/16|*.169.254/16, sun.cpu.isalist=}}, SystemEnvironmentPropertySource@1088744071 {name='systemEnvironment', properties={PATH=/usr/local/bin:/usr/bin:/bin:/usr/sbin:/sbin:/Applications/VMware Fusion.app/Contents/Public, JAVA_MAIN_CLASS_20777=org.apache.maven.surefire.booter.ForkedBooter, JAVA_MAIN_CLASS_20755=org.codehaus.plexus.classworlds.launcher.Launcher, AWS_PROFILE=awsaml-042293964381, JAVA_HOME=/Library/Java/JavaVirtualMachines/jdk1.8.0_152.jdk/Contents/Home, TERM=xterm-256color, LANG=en_GB.UTF-8, COMMAND_MODE=unix2003, ITERM_SESSION_ID=w0t8p0:EE5713B1-66BE-4F14-8F9D-CD90EF7C9E19, COLORTERM=truecolor, LOGNAME=gmcdowell, XPC_SERVICE_NAME=0, PWD=/Users/gmcdowell/sandbox/pact-example/Consumer_Contracts/Server, TERM_PROGRAM_VERSION=3.1.5, MAVEN_CMD_LINE_ARGS= test, _=/Library/Java/JavaVirtualMachines/jdk1.8.0_152.jdk/Contents/Home/jre/bin/java, SHELL=/bin/bash, TERM_PROGRAM=iTerm.app, MAVEN_PROJECTBASEDIR=/Users/gmcdowell/sandbox/pact-example/Consumer_Contracts/Server, OLDPWD=/Users/gmcdowell/sandbox/pact-example/Consumer_Contracts/Server, SECURITYSESSIONID=186a9, USER=gmcdowell, AWS_DEFAULT_PROFILE=awsaml-042293964381, ITERM_PROFILE=Default, TMPDIR=/var/folders/4b/pqmvkx155jl1k361vpbsl9vrjftylf/T/, SSH_AUTH_SOCK=/private/tmp/com.apple.launchd.1ebLDQoNBh/Listeners, XPC_FLAGS=0x0, TERM_SESSION_ID=w0t8p0:EE5713B1-66BE-4F14-8F9D-CD90EF7C9E19, __CF_USER_TEXT_ENCODING=0x22ED7A6E:0x0:0x2, Apple_PubSub_Socket_Render=/private/tmp/com.apple.launchd.oTj9Rq6L7v/Render, COLORFGBG=7;0, HOME=/Users/gmcdowell, SHLVL=2}}]
11:43:03.149 [main] DEBUG org.springframework.test.context.support.TestPropertySourceUtils - Adding inlined properties to environment: {spring.jmx.enabled=false, org.springframework.boot.test.context.SpringBootTestContextBootstrapper=true}
11:43:03.149 [main] DEBUG org.springframework.core.env.StandardEnvironment - Adding PropertySource 'Inlined Test Properties' with highest search precedence

  .   ____          _            __ _ _
 /\\ / ___'_ __ _ _(_)_ __  __ _ \ \ \ \
( ( )\___ | '_ | '_| | '_ \/ _` | \ \ \ \
 \\/  ___)| |_)| | | | | || (_| |  ) ) ) )
  '  |____| .__|_| |_|_| |_\__, | / / / /
 =========|_|==============|___/=/_/_/_/
 :: Spring Boot ::        (v2.0.0.RELEASE)

2018-03-13 11:43:03.338  WARN 20777 --- [           main] ory$DuplicateJsonObjectContextCustomizer : 

Found multiple occurrences of org.json.JSONObject on the class path:

	jar:file:/Users/gmcdowell/.m2/repository/com/vaadin/external/google/android-json/0.0.20131108.vaadin1/android-json-0.0.20131108.vaadin1.jar!/org/json/JSONObject.class
	jar:file:/Users/gmcdowell/.m2/repository/org/json/json/20160212/json-20160212.jar!/org/json/JSONObject.class

You may wish to exclude one of them to ensure predictable runtime behavior

2018-03-13 11:43:03.353  INFO 20777 --- [           main] c.r.e.p.s.demo.AnimalServicePactTest     : Starting AnimalServicePactTest on BFS-MBP-4862 with PID 20777 (started by gmcdowell in /Users/gmcdowell/sandbox/pact-example/Consumer_Contracts/Server)
2018-03-13 11:43:03.353  INFO 20777 --- [           main] c.r.e.p.s.demo.AnimalServicePactTest     : No active profile set, falling back to default profiles: default
2018-03-13 11:43:03.394  INFO 20777 --- [           main] ConfigServletWebServerApplicationContext : Refreshing org.springframework.boot.web.servlet.context.AnnotationConfigServletWebServerApplicationContext@56f2bbea: startup date [Tue Mar 13 11:43:03 GMT 2018]; root of context hierarchy
2018-03-13 11:43:03.731  WARN 20777 --- [kground-preinit] o.s.h.c.j.Jackson2ObjectMapperBuilder    : For Jackson Kotlin classes support please add "com.fasterxml.jackson.module:jackson-module-kotlin" to the classpath
2018-03-13 11:43:04.881  INFO 20777 --- [           main] o.s.b.w.embedded.tomcat.TomcatWebServer  : Tomcat initialized with port(s): 7001 (http)
2018-03-13 11:43:04.907  INFO 20777 --- [           main] o.apache.catalina.core.StandardService   : Starting service [Tomcat]
2018-03-13 11:43:04.907  INFO 20777 --- [           main] org.apache.catalina.core.StandardEngine  : Starting Servlet Engine: Apache Tomcat/8.5.28
2018-03-13 11:43:04.919  INFO 20777 --- [ost-startStop-1] o.a.catalina.core.AprLifecycleListener   : The APR based Apache Tomcat Native library which allows optimal performance in production environments was not found on the java.library.path: [/Users/gmcdowell/Library/Java/Extensions:/Library/Java/Extensions:/Network/Library/Java/Extensions:/System/Library/Java/Extensions:/usr/lib/java:.]
2018-03-13 11:43:05.037  INFO 20777 --- [ost-startStop-1] o.a.c.c.C.[Tomcat].[localhost].[/]       : Initializing Spring embedded WebApplicationContext
2018-03-13 11:43:05.037  INFO 20777 --- [ost-startStop-1] o.s.web.context.ContextLoader            : Root WebApplicationContext: initialization completed in 1646 ms
2018-03-13 11:43:05.181  INFO 20777 --- [ost-startStop-1] o.s.b.w.servlet.ServletRegistrationBean  : Servlet dispatcherServlet mapped to [/]
2018-03-13 11:43:05.185  INFO 20777 --- [ost-startStop-1] o.s.b.w.servlet.FilterRegistrationBean   : Mapping filter: 'characterEncodingFilter' to: [/*]
2018-03-13 11:43:05.186  INFO 20777 --- [ost-startStop-1] o.s.b.w.servlet.FilterRegistrationBean   : Mapping filter: 'hiddenHttpMethodFilter' to: [/*]
2018-03-13 11:43:05.186  INFO 20777 --- [ost-startStop-1] o.s.b.w.servlet.FilterRegistrationBean   : Mapping filter: 'httpPutFormContentFilter' to: [/*]
2018-03-13 11:43:05.186  INFO 20777 --- [ost-startStop-1] o.s.b.w.servlet.FilterRegistrationBean   : Mapping filter: 'requestContextFilter' to: [/*]
2018-03-13 11:43:05.555  INFO 20777 --- [           main] s.w.s.m.m.a.RequestMappingHandlerAdapter : Looking for @ControllerAdvice: org.springframework.boot.web.servlet.context.AnnotationConfigServletWebServerApplicationContext@56f2bbea: startup date [Tue Mar 13 11:43:03 GMT 2018]; root of context hierarchy
2018-03-13 11:43:05.679  INFO 20777 --- [           main] s.w.s.m.m.a.RequestMappingHandlerMapping : Mapped "{[/v1/animal/{id}],methods=[GET]}" onto public org.springframework.http.ResponseEntity<com.rapid7.example.pact.server.demo.model.Animal> com.rapid7.example.pact.server.demo.controllers.AnimalController.get(java.lang.String)
2018-03-13 11:43:05.680  INFO 20777 --- [           main] s.w.s.m.m.a.RequestMappingHandlerMapping : Mapped "{[/v1/animal/{id}],methods=[DELETE]}" onto public org.springframework.http.ResponseEntity com.rapid7.example.pact.server.demo.controllers.AnimalController.delete(java.lang.String)
2018-03-13 11:43:05.681  INFO 20777 --- [           main] s.w.s.m.m.a.RequestMappingHandlerMapping : Mapped "{[/v1/animals],methods=[GET]}" onto public org.springframework.http.ResponseEntity<java.util.Collection<com.rapid7.example.pact.server.demo.model.Animal>> com.rapid7.example.pact.server.demo.controllers.AnimalController.getAll()
2018-03-13 11:43:05.681  INFO 20777 --- [           main] s.w.s.m.m.a.RequestMappingHandlerMapping : Mapped "{[/v1/animal],methods=[POST]}" onto public org.springframework.http.ResponseEntity<com.rapid7.example.pact.server.demo.model.Animal> com.rapid7.example.pact.server.demo.controllers.AnimalController.post(com.rapid7.example.pact.server.demo.model.Animal)
2018-03-13 11:43:05.684  INFO 20777 --- [           main] s.w.s.m.m.a.RequestMappingHandlerMapping : Mapped "{[/error]}" onto public org.springframework.http.ResponseEntity<java.util.Map<java.lang.String, java.lang.Object>> org.springframework.boot.autoconfigure.web.servlet.error.BasicErrorController.error(javax.servlet.http.HttpServletRequest)
2018-03-13 11:43:05.685  INFO 20777 --- [           main] s.w.s.m.m.a.RequestMappingHandlerMapping : Mapped "{[/error],produces=[text/html]}" onto public org.springframework.web.servlet.ModelAndView org.springframework.boot.autoconfigure.web.servlet.error.BasicErrorController.errorHtml(javax.servlet.http.HttpServletRequest,javax.servlet.http.HttpServletResponse)
2018-03-13 11:43:05.721  INFO 20777 --- [           main] o.s.w.s.handler.SimpleUrlHandlerMapping  : Mapped URL path [/webjars/**] onto handler of type [class org.springframework.web.servlet.resource.ResourceHttpRequestHandler]
2018-03-13 11:43:05.721  INFO 20777 --- [           main] o.s.w.s.handler.SimpleUrlHandlerMapping  : Mapped URL path [/**] onto handler of type [class org.springframework.web.servlet.resource.ResourceHttpRequestHandler]
2018-03-13 11:43:05.761  INFO 20777 --- [           main] o.s.w.s.handler.SimpleUrlHandlerMapping  : Mapped URL path [/**/favicon.ico] onto handler of type [class org.springframework.web.servlet.resource.ResourceHttpRequestHandler]
2018-03-13 11:43:06.315  INFO 20777 --- [           main] o.s.b.w.embedded.tomcat.TomcatWebServer  : Tomcat started on port(s): 7001 (http) with context path ''
2018-03-13 11:43:06.318  INFO 20777 --- [           main] c.r.e.p.s.demo.AnimalServicePactTest     : Started AnimalServicePactTest in 3.165 seconds (JVM running for 4.673)

Verifying a pact between AnimalClient and AnimalApi
  Given Some Animals
  A Get Request for all animal
2018-03-13 11:43:06.559  INFO 20777 --- [nio-7001-exec-1] o.a.c.c.C.[Tomcat].[localhost].[/]       : Initializing Spring FrameworkServlet 'dispatcherServlet'
2018-03-13 11:43:06.559  INFO 20777 --- [nio-7001-exec-1] o.s.web.servlet.DispatcherServlet        : FrameworkServlet 'dispatcherServlet': initialization started
2018-03-13 11:43:06.576  INFO 20777 --- [nio-7001-exec-1] o.s.web.servlet.DispatcherServlet        : FrameworkServlet 'dispatcherServlet': initialization completed in 17 ms
    returns a response which
      has status code 200 (OK)
      includes headers
        "Content-Type" with value "application/json" (OK)
      has a matching body (FAILED)

Failures:

0) A Get Request for all animal returns a response which has a matching body
      $.1.id -> Expected 'Orville' but received 'Dory'

      $.1.species -> Expected 'Duck' but received 'Fish'

      $.1.color -> Expected 'Green' but received 'Blue'

      $.2.id -> Expected 'Elmo' but received 'Ryan'

      $.2.species -> Expected 'Muppet' but received 'Velociraptor'

      $.2.color -> Expected 'Red' but received 'Ginger'

      $.3.id -> Expected 'Dory' but received 'Elmo'

      $.3.species -> Expected 'Fish' but received 'Muppet'

      $.3.color -> Expected 'Blue' but received 'Red'

      $.5.id -> Expected 'Ed' but received 'Orville'

      $.5.species -> Expected 'Horse' but received 'Duck'

      $.5.color -> Expected 'Black' but received 'Green'

      $.7.id -> Expected 'Ryan' but received 'Ed'

      $.7.species -> Expected 'Velociraptor' but received 'Horse'

      $.7.color -> Expected 'Ginger' but received 'Black'


]]></system-out>
  </testcase>
  <testcase name="AnimalClient - A Post for a new Animal" classname="com.rapid7.example.pact.server.demo.AnimalServicePactTest" time="0.148">
    <failure message="&#10;0 - assert expectedStatus == actualStatus&#10;           |              |  |&#10;           201            |  415&#10;                          false&#10;&#10;1 - $ -&gt; [{mismatch=Expected id=&apos;Buzz&apos; but was missing, diff={&#10;-    &quot;id&quot;: &quot;Buzz&quot;,&#10;-    &quot;species&quot;: &quot;Buzzard&quot;,&#10;-    &quot;color&quot;: &quot;Brown&quot;&#10;+    &quot;path&quot;: &quot;/v1/animal&quot;,&#10;+    &quot;timestamp&quot;: &quot;2018-03-13T11:43:07.738+0000&quot;,&#10;+    &quot;error&quot;: &quot;Unsupported Media Type&quot;,&#10;+    &quot;status&quot;: 415,&#10;+    &quot;message&quot;: &quot;Content type &apos;text/plain;charset=ISO-8859-1&apos; not supported&quot;&#10;}}, {mismatch=Expected species=&apos;Buzzard&apos; but was missing, diff={&#10;-    &quot;id&quot;: &quot;Buzz&quot;,&#10;-    &quot;species&quot;: &quot;Buzzard&quot;,&#10;-    &quot;color&quot;: &quot;Brown&quot;&#10;+    &quot;path&quot;: &quot;/v1/animal&quot;,&#10;+    &quot;timestamp&quot;: &quot;2018-03-13T11:43:07.738+0000&quot;,&#10;+    &quot;error&quot;: &quot;Unsupported Media Type&quot;,&#10;+    &quot;status&quot;: 415,&#10;+    &quot;message&quot;: &quot;Content type &apos;text/plain;charset=ISO-8859-1&apos; not supported&quot;&#10;}}, {mismatch=Expected color=&apos;Brown&apos; but was missing, diff={&#10;-    &quot;id&quot;: &quot;Buzz&quot;,&#10;-    &quot;species&quot;: &quot;Buzzard&quot;,&#10;-    &quot;color&quot;: &quot;Brown&quot;&#10;+    &quot;path&quot;: &quot;/v1/animal&quot;,&#10;+    &quot;timestamp&quot;: &quot;2018-03-13T11:43:07.738+0000&quot;,&#10;+    &quot;error&quot;: &quot;Unsupported Media Type&quot;,&#10;+    &quot;status&quot;: 415,&#10;+    &quot;message&quot;: &quot;Content type &apos;text/plain;charset=ISO-8859-1&apos; not supported&quot;&#10;}}]" type="java.lang.AssertionError">java.lang.AssertionError: 

0 - assert expectedStatus == actualStatus
           |              |  |
           201            |  415
                          false

1 - $ -> [{mismatch=Expected id='Buzz' but was missing, diff={
-    "id": "Buzz",
-    "species": "Buzzard",
-    "color": "Brown"
+    "path": "/v1/animal",
+    "timestamp": "2018-03-13T11:43:07.738+0000",
+    "error": "Unsupported Media Type",
+    "status": 415,
+    "message": "Content type 'text/plain;charset=ISO-8859-1' not supported"
}}, {mismatch=Expected species='Buzzard' but was missing, diff={
-    "id": "Buzz",
-    "species": "Buzzard",
-    "color": "Brown"
+    "path": "/v1/animal",
+    "timestamp": "2018-03-13T11:43:07.738+0000",
+    "error": "Unsupported Media Type",
+    "status": 415,
+    "message": "Content type 'text/plain;charset=ISO-8859-1' not supported"
}}, {mismatch=Expected color='Brown' but was missing, diff={
-    "id": "Buzz",
-    "species": "Buzzard",
-    "color": "Brown"
+    "path": "/v1/animal",
+    "timestamp": "2018-03-13T11:43:07.738+0000",
+    "error": "Unsupported Media Type",
+    "status": 415,
+    "message": "Content type 'text/plain;charset=ISO-8859-1' not supported"
}}]
</failure>
    <system-out><![CDATA[
Verifying a pact between AnimalClient and AnimalApi
  Given Some Animals
  A Post for a new Animal
    returns a response which
      has status code 201 (FAILED)
      includes headers
        "Content-Type" with value "application/json" (OK)
      has a matching body (FAILED)

Failures:

0) A Post for a new Animal returns a response which has status code 201
      assert expectedStatus == actualStatus
             |              |  |
             201            |  415
                            false

1) A Post for a new Animal returns a response which has a matching body
      $ -> Expected id='Buzz' but was missing

        Diff:

        {
        -    "id": "Buzz",
        -    "species": "Buzzard",
        -    "color": "Brown"
        +    "path": "/v1/animal",
        +    "timestamp": "2018-03-13T11:43:07.738+0000",
        +    "error": "Unsupported Media Type",
        +    "status": 415,
        +    "message": "Content type 'text/plain;charset=ISO-8859-1' not supported"
        }

      $ -> Expected species='Buzzard' but was missing

        Diff:

        {
        -    "id": "Buzz",
        -    "species": "Buzzard",
        -    "color": "Brown"
        +    "path": "/v1/animal",
        +    "timestamp": "2018-03-13T11:43:07.738+0000",
        +    "error": "Unsupported Media Type",
        +    "status": 415,
        +    "message": "Content type 'text/plain;charset=ISO-8859-1' not supported"
        }

      $ -> Expected color='Brown' but was missing

        Diff:

        {
        -    "id": "Buzz",
        -    "species": "Buzzard",
        -    "color": "Brown"
        +    "path": "/v1/animal",
        +    "timestamp": "2018-03-13T11:43:07.738+0000",
        +    "error": "Unsupported Media Type",
        +    "status": 415,
        +    "message": "Content type 'text/plain;charset=ISO-8859-1' not supported"
        }


]]></system-out>
  </testcase>
  <testcase name="AnimalClient - A Get Request for an animal" classname="com.rapid7.example.pact.server.demo.AnimalServicePactTest" time="0.026"/>
  <testcase name="AnimalClient - A Delete Request for an animal" classname="com.rapid7.example.pact.server.demo.AnimalServicePactTest" time="0.016"/>
  <testcase name="AnimalClient - A Get Request for a missing animal" classname="com.rapid7.example.pact.server.demo.AnimalServicePactTest" time="0.002">
    <error message="MissingStateChangeMethod: Did not find a test class method annotated with @State(&quot;No Animals&quot;)" type="au.com.dius.pact.provider.junit.MissingStateChangeMethod">au.com.dius.pact.provider.junit.MissingStateChangeMethod: MissingStateChangeMethod: Did not find a test class method annotated with @State("No Animals")
</error>
  </testcase>
</testsuite>